  [1m[36m (126.4ms)[0m  [1mCREATE TABLE "schema_migrations" ("version" varchar NOT NULL) [0m
  [1m[35m (0.2ms)[0m  select sqlite_version(*)
  [1m[36m (107.0ms)[0m  [1mCREATE UNIQUE INDEX "unique_schema_migrations" ON "schema_migrations" ("version")[0m
  [1m[35mActiveRecord::SchemaMigration Load (0.2ms)[0m  SELECT "schema_migrations".* FROM "schema_migrations"
Migrating to DeviseCreateUsers (20150125184402)
  [1m[36m (0.2ms)[0m  [1mbegin transaction[0m
DEPRECATION WARNING: `#timestamp` was called without specifying an option for `null`. In Rails 5, this behavior will change to `null: false`. You should manually specify `null: true` to prevent the behavior of your existing migrations from changing. (called from block in change at /home/master/projects/social_compromise/db/migrate/20150125184402_devise_create_users.rb:34)
  [1m[35m (0.3ms)[0m  CREATE TABLE "users" ("id" INTEGER PRIMARY KEY AUTOINCREMENT NOT NULL, "email" varchar DEFAULT '' NOT NULL, "encrypted_password" varchar DEFAULT '' NOT NULL, "reset_password_token" varchar, "reset_password_sent_at" datetime, "remember_created_at" datetime, "sign_in_count" integer DEFAULT 0 NOT NULL, "current_sign_in_at" datetime, "last_sign_in_at" datetime, "current_sign_in_ip" varchar, "last_sign_in_ip" varchar, "created_at" datetime, "updated_at" datetime) 
  [1m[36m (0.2ms)[0m  [1mCREATE UNIQUE INDEX "index_users_on_email" ON "users" ("email")[0m
  [1m[35m (0.1ms)[0m              SELECT sql
            FROM sqlite_master
            WHERE name='index_users_on_email' AND type='index'
            UNION ALL
            SELECT sql
            FROM sqlite_temp_master
            WHERE name='index_users_on_email' AND type='index'

  [1m[36m (0.1ms)[0m  [1mCREATE UNIQUE INDEX "index_users_on_reset_password_token" ON "users" ("reset_password_token")[0m
  [1m[35mSQL (0.1ms)[0m  INSERT INTO "schema_migrations" ("version") VALUES (?)  [["version", "20150125184402"]]
  [1m[36m (107.9ms)[0m  [1mcommit transaction[0m
  [1m[35mActiveRecord::SchemaMigration Load (0.4ms)[0m  SELECT "schema_migrations".* FROM "schema_migrations"
  [1m[36m (0.2ms)[0m  [1m            SELECT sql
            FROM sqlite_master
            WHERE name='index_users_on_reset_password_token' AND type='index'
            UNION ALL
            SELECT sql
            FROM sqlite_temp_master
            WHERE name='index_users_on_reset_password_token' AND type='index'
[0m
  [1m[35m (0.2ms)[0m              SELECT sql
            FROM sqlite_master
            WHERE name='index_users_on_email' AND type='index'
            UNION ALL
            SELECT sql
            FROM sqlite_temp_master
            WHERE name='index_users_on_email' AND type='index'



Started GET "/users/sign_in" for 127.0.0.1 at 2015-01-25 13:44:40 -0500
  [1m[36mActiveRecord::SchemaMigration Load (0.1ms)[0m  [1mSELECT "schema_migrations".* FROM "schema_migrations"[0m
Processing by Devise::SessionsController#new as HTML
  Rendered /home/master/.rvm/gems/ruby-2.2.0/gems/devise-3.4.1/app/views/devise/shared/_links.html.erb (4.7ms)
  Rendered /home/master/.rvm/gems/ruby-2.2.0/gems/devise-3.4.1/app/views/devise/sessions/new.html.erb within layouts/application (32.6ms)
Completed 200 OK in 985ms (Views: 965.1ms | ActiveRecord: 0.3ms)


Started GET "/assets/application-5266d2988799ecc8fe6e81eaab412e7d.css?body=1" for 127.0.0.1 at 2015-01-25 13:44:41 -0500


Started GET "/assets/jquery-87424c3c19e96d4fb033c10ebe21ec40.js?body=1" for 127.0.0.1 at 2015-01-25 13:44:41 -0500


Started GET "/assets/jquery_ujs-e27bd20a10d28155845a22d71ef94f2f.js?body=1" for 127.0.0.1 at 2015-01-25 13:44:41 -0500


Started GET "/assets/turbolinks-686d2bf7d9d383528c901c64187a8c31.js?body=1" for 127.0.0.1 at 2015-01-25 13:44:41 -0500


Started GET "/assets/application-3f03c8bf9ba1059e6e76d09c04cffd31.js?body=1" for 127.0.0.1 at 2015-01-25 13:44:41 -0500


Started GET "/" for 127.0.0.1 at 2015-01-25 13:53:02 -0500
  [1m[36mActiveRecord::SchemaMigration Load (0.1ms)[0m  [1mSELECT "schema_migrations".* FROM "schema_migrations"[0m

SyntaxError (/home/master/projects/social_compromise/app/controllers/home_controller.rb:5: syntax error, unexpected ',', expecting keyword_end
...controller=&amp;gt;'dashboard', :action =&amp;gt; 'index'
...                               ^):
  app/controllers/home_controller.rb:5: syntax error, unexpected ',', expecting keyword_end


  Rendered /home/master/.rvm/gems/ruby-2.2.0/gems/web-console-2.0.0/lib/action_dispatch/templates/rescues/_source.erb (4.3ms)
  Rendered /home/master/.rvm/gems/ruby-2.2.0/gems/web-console-2.0.0/lib/action_dispatch/templates/rescues/_trace.html.erb (2.1ms)
  Rendered /home/master/.rvm/gems/ruby-2.2.0/gems/web-console-2.0.0/lib/action_dispatch/templates/rescues/_request_and_response.html.erb (7.8ms)
  Rendered /home/master/.rvm/gems/ruby-2.2.0/gems/web-console-2.0.0/lib/action_dispatch/templates/rescues/_web_console.html.erb (2.0ms)
  Rendered /home/master/.rvm/gems/ruby-2.2.0/gems/web-console-2.0.0/lib/action_dispatch/templates/rescues/diagnostics.html.erb within rescues/layout (41.5ms)


Started GET "/" for 127.0.0.1 at 2015-01-25 13:54:05 -0500
Processing by HomeController#index as HTML
Completed 500 Internal Server Error in 8ms

ActionView::MissingTemplate (Missing template home/index, application/index with {:locale=>[:en], :formats=>[:html], :variants=>[], :handlers=>[:erb, :builder, :raw, :ruby, :coffee, :jbuilder]}. Searched in:
  * "/home/master/.rvm/gems/ruby-2.2.0/gems/web-console-2.0.0/lib/action_dispatch/templates"
  * "/home/master/projects/social_compromise/app/views"
  * "/home/master/.rvm/gems/ruby-2.2.0/gems/devise-3.4.1/app/views"
):
  actionview (4.2.0) lib/action_view/path_set.rb:46:in `find'
  actionview (4.2.0) lib/action_view/lookup_context.rb:121:in `find'
  actionview (4.2.0) lib/action_view/renderer/abstract_renderer.rb:18:in `find_template'
  actionview (4.2.0) lib/action_view/renderer/template_renderer.rb:40:in `determine_template'
  actionview (4.2.0) lib/action_view/renderer/template_renderer.rb:8:in `render'
  actionview (4.2.0) lib/action_view/renderer/renderer.rb:42:in `render_template'
  actionview (4.2.0) lib/action_view/renderer/renderer.rb:23:in `render'
  actionview (4.2.0) lib/action_view/rendering.rb:100:in `_render_template'
  actionpack (4.2.0) lib/action_controller/metal/streaming.rb:217:in `_render_template'
  actionview (4.2.0) lib/action_view/rendering.rb:83:in `render_to_body'
  actionpack (4.2.0) lib/action_controller/metal/rendering.rb:32:in `render_to_body'
  actionpack (4.2.0) lib/action_controller/metal/renderers.rb:37:in `render_to_body'
  actionpack (4.2.0) lib/abstract_controller/rendering.rb:25:in `render'
  actionpack (4.2.0) lib/action_controller/metal/rendering.rb:16:in `render'
  actionpack (4.2.0) lib/action_controller/metal/instrumentation.rb:41:in `block (2 levels) in render'
  activesupport (4.2.0) lib/active_support/core_ext/benchmark.rb:12:in `block in ms'
  /home/master/.rvm/rubies/ruby-2.2.0/lib/ruby/2.2.0/benchmark.rb:303:in `realtime'
  activesupport (4.2.0) lib/active_support/core_ext/benchmark.rb:12:in `ms'
  actionpack (4.2.0) lib/action_controller/metal/instrumentation.rb:41:in `block in render'
  actionpack (4.2.0) lib/action_controller/metal/instrumentation.rb:84:in `cleanup_view_runtime'
  activerecord (4.2.0) lib/active_record/railties/controller_runtime.rb:25:in `cleanup_view_runtime'
  actionpack (4.2.0) lib/action_controller/metal/instrumentation.rb:40:in `render'
  actionpack (4.2.0) lib/action_controller/metal/implicit_render.rb:10:in `default_render'
  actionpack (4.2.0) lib/action_controller/metal/implicit_render.rb:5:in `send_action'
  actionpack (4.2.0) lib/abstract_controller/base.rb:198:in `process_action'
  actionpack (4.2.0) lib/action_controller/metal/rendering.rb:10:in `process_action'
  actionpack (4.2.0) lib/abstract_controller/callbacks.rb:20:in `block in process_action'
  activesupport (4.2.0) lib/active_support/callbacks.rb:117:in `call'
  activesupport (4.2.0) lib/active_support/callbacks.rb:117:in `call'
  activesupport (4.2.0) lib/active_support/callbacks.rb:234:in `block in halting'
  activesupport (4.2.0) lib/active_support/callbacks.rb:234:in `call'
  activesupport (4.2.0) lib/active_support/callbacks.rb:234:in `block in halting'
  activesupport (4.2.0) lib/active_support/callbacks.rb:169:in `call'
  activesupport (4.2.0) lib/active_support/callbacks.rb:169:in `block in halting'
  activesupport (4.2.0) lib/active_support/callbacks.rb:169:in `call'
  activesupport (4.2.0) lib/active_support/callbacks.rb:169:in `block in halting'
  activesupport (4.2.0) lib/active_support/callbacks.rb:234:in `call'
  activesupport (4.2.0) lib/active_support/callbacks.rb:234:in `block in halting'
  activesupport (4.2.0) lib/active_support/callbacks.rb:169:in `call'
  activesupport (4.2.0) lib/active_support/callbacks.rb:169:in `block in halting'
  activesupport (4.2.0) lib/active_support/callbacks.rb:92:in `call'
  activesupport (4.2.0) lib/active_support/callbacks.rb:92:in `_run_callbacks'
  activesupport (4.2.0) lib/active_support/callbacks.rb:734:in `_run_process_action_callbacks'
  activesupport (4.2.0) lib/active_support/callbacks.rb:81:in `run_callbacks'
  actionpack (4.2.0) lib/abstract_controller/callbacks.rb:19:in `process_action'
  actionpack (4.2.0) lib/action_controller/metal/rescue.rb:29:in `process_action'
  actionpack (4.2.0) lib/action_controller/metal/instrumentation.rb:31:in `block in process_action'
  activesupport (4.2.0) lib/active_support/notifications.rb:164:in `block in instrument'
  activesupport (4.2.0) lib/active_support/notifications/instrumenter.rb:20:in `instrument'
  activesupport (4.2.0) lib/active_support/notifications.rb:164:in `instrument'
  actionpack (4.2.0) lib/action_controller/metal/instrumentation.rb:30:in `process_action'
  actionpack (4.2.0) lib/action_controller/metal/params_wrapper.rb:250:in `process_action'
  activerecord (4.2.0) lib/active_record/railties/controller_runtime.rb:18:in `process_action'
  actionpack (4.2.0) lib/abstract_controller/base.rb:137:in `process'
  actionview (4.2.0) lib/action_view/rendering.rb:30:in `process'
  actionpack (4.2.0) lib/action_controller/metal.rb:195:in `dispatch'
  actionpack (4.2.0) lib/action_controller/metal/rack_delegation.rb:13:in `dispatch'
  actionpack (4.2.0) lib/action_controller/metal.rb:236:in `block in action'
  actionpack (4.2.0) lib/action_dispatch/routing/route_set.rb:73:in `call'
  actionpack (4.2.0) lib/action_dispatch/routing/route_set.rb:73:in `dispatch'
  actionpack (4.2.0) lib/action_dispatch/routing/route_set.rb:42:in `serve'
  actionpack (4.2.0) lib/action_dispatch/journey/router.rb:43:in `block in serve'
  actionpack (4.2.0) lib/action_dispatch/journey/router.rb:30:in `each'
  actionpack (4.2.0) lib/action_dispatch/journey/router.rb:30:in `serve'
  actionpack (4.2.0) lib/action_dispatch/routing/route_set.rb:802:in `call'
  warden (1.2.3) lib/warden/manager.rb:35:in `block in call'
  warden (1.2.3) lib/warden/manager.rb:34:in `catch'
  warden (1.2.3) lib/warden/manager.rb:34:in `call'
  rack (1.6.0) lib/rack/etag.rb:24:in `call'
  rack (1.6.0) lib/rack/conditionalget.rb:25:in `call'
  rack (1.6.0) lib/rack/head.rb:13:in `call'
  actionpack (4.2.0) lib/action_dispatch/middleware/params_parser.rb:27:in `call'
  actionpack (4.2.0) lib/action_dispatch/middleware/flash.rb:260:in `call'
  rack (1.6.0) lib/rack/session/abstract/id.rb:225:in `context'
  rack (1.6.0) lib/rack/session/abstract/id.rb:220:in `call'
  actionpack (4.2.0) lib/action_dispatch/middleware/cookies.rb:560:in `call'
  activerecord (4.2.0) lib/active_record/query_cache.rb:36:in `call'
  activerecord (4.2.0) lib/active_record/connection_adapters/abstract/connection_pool.rb:647:in `call'
  activerecord (4.2.0) lib/active_record/migration.rb:378:in `call'
  actionpack (4.2.0) lib/action_dispatch/middleware/callbacks.rb:29:in `block in call'
  activesupport (4.2.0) lib/active_support/callbacks.rb:88:in `call'
  activesupport (4.2.0) lib/active_support/callbacks.rb:88:in `_run_callbacks'
  activesupport (4.2.0) lib/active_support/callbacks.rb:734:in `_run_call_callbacks'
  activesupport (4.2.0) lib/active_support/callbacks.rb:81:in `run_callbacks'
  actionpack (4.2.0) lib/action_dispatch/middleware/callbacks.rb:27:in `call'
  actionpack (4.2.0) lib/action_dispatch/middleware/reloader.rb:73:in `call'
  actionpack (4.2.0) lib/action_dispatch/middleware/remote_ip.rb:78:in `call'
  web-console (2.0.0) lib/action_dispatch/debug_exceptions.rb:18:in `middleware_call'
  web-console (2.0.0) lib/action_dispatch/debug_exceptions.rb:13:in `call'
  actionpack (4.2.0) lib/action_dispatch/middleware/show_exceptions.rb:30:in `call'
  railties (4.2.0) lib/rails/rack/logger.rb:38:in `call_app'
  railties (4.2.0) lib/rails/rack/logger.rb:20:in `block in call'
  activesupport (4.2.0) lib/active_support/tagged_logging.rb:68:in `block in tagged'
  activesupport (4.2.0) lib/active_support/tagged_logging.rb:26:in `tagged'
  activesupport (4.2.0) lib/active_support/tagged_logging.rb:68:in `tagged'
  railties (4.2.0) lib/rails/rack/logger.rb:20:in `call'
  actionpack (4.2.0) lib/action_dispatch/middleware/request_id.rb:21:in `call'
  rack (1.6.0) lib/rack/methodoverride.rb:22:in `call'
  rack (1.6.0) lib/rack/runtime.rb:18:in `call'
  activesupport (4.2.0) lib/active_support/cache/strategy/local_cache_middleware.rb:28:in `call'
  rack (1.6.0) lib/rack/lock.rb:17:in `call'
  actionpack (4.2.0) lib/action_dispatch/middleware/static.rb:113:in `call'
  rack (1.6.0) lib/rack/sendfile.rb:113:in `call'
  railties (4.2.0) lib/rails/engine.rb:518:in `call'
  railties (4.2.0) lib/rails/application.rb:164:in `call'
  rack (1.6.0) lib/rack/lock.rb:17:in `call'
  rack (1.6.0) lib/rack/content_length.rb:15:in `call'
  rack (1.6.0) lib/rack/handler/webrick.rb:89:in `service'
  /home/master/.rvm/rubies/ruby-2.2.0/lib/ruby/2.2.0/webrick/httpserver.rb:138:in `service'
  /home/master/.rvm/rubies/ruby-2.2.0/lib/ruby/2.2.0/webrick/httpserver.rb:94:in `run'
  /home/master/.rvm/rubies/ruby-2.2.0/lib/ruby/2.2.0/webrick/server.rb:294:in `block in start_thread'


  Rendered /home/master/.rvm/gems/ruby-2.2.0/gems/web-console-2.0.0/lib/action_dispatch/templates/rescues/_source.erb (9.9ms)
  Rendered /home/master/.rvm/gems/ruby-2.2.0/gems/web-console-2.0.0/lib/action_dispatch/templates/rescues/_trace.html.erb (2.1ms)
  Rendered /home/master/.rvm/gems/ruby-2.2.0/gems/web-console-2.0.0/lib/action_dispatch/templates/rescues/_request_and_response.html.erb (0.7ms)
  Rendered /home/master/.rvm/gems/ruby-2.2.0/gems/web-console-2.0.0/lib/action_dispatch/templates/rescues/_web_console.html.erb (0.9ms)
  Rendered /home/master/.rvm/gems/ruby-2.2.0/gems/web-console-2.0.0/lib/action_dispatch/templates/rescues/missing_template.html.erb within rescues/layout (31.8ms)


Started GET "/" for 127.0.0.1 at 2015-01-25 13:55:36 -0500
Processing by HomeController#index as HTML
  Rendered home/index.html within layouts/application (0.6ms)
Completed 500 Internal Server Error in 189ms

ActionView::Template::Error (undefined local variable or method `up”' for #<#<Class:0x0000000521e7b0>:0x007fef803d0848>):
    11: <% if user_signed_in? %>
    12:   Signed in as <%= current_user.email %>. Not you? <%= link_to “Sign out”, destroy_user_session_path, :method => :delete %>
    13: <% else %>
    14:   <%= link_to “Sign up”, new_user_registration_path %> or <%= link_to “sign in”, new_user_session_path %>
    15: <% end %>
    16: 
    17: <% flash.each do |name, msg| %>
  app/views/layouts/application.html.erb:14:in `_app_views_layouts_application_html_erb__113717827513108211_70333312586420'


  Rendered /home/master/.rvm/gems/ruby-2.2.0/gems/web-console-2.0.0/lib/action_dispatch/templates/rescues/_source.erb (6.8ms)
  Rendered /home/master/.rvm/gems/ruby-2.2.0/gems/web-console-2.0.0/lib/action_dispatch/templates/rescues/_trace.html.erb (2.5ms)
  Rendered /home/master/.rvm/gems/ruby-2.2.0/gems/web-console-2.0.0/lib/action_dispatch/templates/rescues/_request_and_response.html.erb (0.8ms)
  Rendered /home/master/.rvm/gems/ruby-2.2.0/gems/web-console-2.0.0/lib/action_dispatch/templates/rescues/_web_console.html.erb (0.8ms)
  Rendered /home/master/.rvm/gems/ruby-2.2.0/gems/web-console-2.0.0/lib/action_dispatch/templates/rescues/template_error.html.erb within rescues/layout (29.2ms)


Started GET "/" for 127.0.0.1 at 2015-01-25 13:58:32 -0500
Processing by HomeController#index as HTML
  Rendered home/index.html within layouts/application (0.1ms)
Completed 500 Internal Server Error in 49ms

ActionView::Template::Error (undefined local variable or method `up”' for #<#<Class:0x0000000521e7b0>:0x00000004c961a8>):
    14:     Signed in as <%= current_user.email %>. Not you?
    15:     <%= link_to “Sign out”, destroy_user_session_path, :method => :delete %>
    16:   <% else %>
    17:     <%= link_to “Sign up”, new_user_registration_path %> or <%= link_to “sign in”, new_user_session_path %>
    18:   <% end %>
    19: 
    20: <div/>
  app/views/layouts/application.html.erb:17:in `_app_views_layouts_application_html_erb__113717827513108211_40103980'


  Rendered /home/master/.rvm/gems/ruby-2.2.0/gems/web-console-2.0.0/lib/action_dispatch/templates/rescues/_source.erb (6.1ms)
  Rendered /home/master/.rvm/gems/ruby-2.2.0/gems/web-console-2.0.0/lib/action_dispatch/templates/rescues/_trace.html.erb (2.4ms)
  Rendered /home/master/.rvm/gems/ruby-2.2.0/gems/web-console-2.0.0/lib/action_dispatch/templates/rescues/_request_and_response.html.erb (0.7ms)
  Rendered /home/master/.rvm/gems/ruby-2.2.0/gems/web-console-2.0.0/lib/action_dispatch/templates/rescues/_web_console.html.erb (0.8ms)
  Rendered /home/master/.rvm/gems/ruby-2.2.0/gems/web-console-2.0.0/lib/action_dispatch/templates/rescues/template_error.html.erb within rescues/layout (22.2ms)


Started GET "/" for 127.0.0.1 at 2015-01-25 13:58:39 -0500
Processing by HomeController#index as HTML
  Rendered home/index.html within layouts/application (0.1ms)
Completed 500 Internal Server Error in 44ms

ActionView::Template::Error (undefined local variable or method `up”' for #<#<Class:0x0000000521e7b0>:0x00000004b84148>):
    14:     Signed in as <%= current_user.email %>. Not you?
    15:     <%= link_to “Sign out”, destroy_user_session_path, :method => :delete %>
    16:   <% else %>
    17:     <%= link_to “Sign up”, new_user_registration_path %> or <%= link_to “sign in”, new_user_session_path %>
    18:   <% end %>
    19: 
    20: <div/>
  app/views/layouts/application.html.erb:17:in `_app_views_layouts_application_html_erb__113717827513108211_40103980'


  Rendered /home/master/.rvm/gems/ruby-2.2.0/gems/web-console-2.0.0/lib/action_dispatch/templates/rescues/_source.erb (6.0ms)
  Rendered /home/master/.rvm/gems/ruby-2.2.0/gems/web-console-2.0.0/lib/action_dispatch/templates/rescues/_trace.html.erb (2.9ms)
  Rendered /home/master/.rvm/gems/ruby-2.2.0/gems/web-console-2.0.0/lib/action_dispatch/templates/rescues/_request_and_response.html.erb (1.1ms)
  Rendered /home/master/.rvm/gems/ruby-2.2.0/gems/web-console-2.0.0/lib/action_dispatch/templates/rescues/_web_console.html.erb (0.7ms)
  Rendered /home/master/.rvm/gems/ruby-2.2.0/gems/web-console-2.0.0/lib/action_dispatch/templates/rescues/template_error.html.erb within rescues/layout (23.8ms)


Started POST "/console/repl_sessions/330cf92489d86d1ee4fb52cdea431207/trace" for 127.0.0.1 at 2015-01-25 13:58:55 -0500


Started POST "/console/repl_sessions/330cf92489d86d1ee4fb52cdea431207/trace" for 127.0.0.1 at 2015-01-25 13:58:56 -0500


Started GET "/" for 127.0.0.1 at 2015-01-25 14:02:27 -0500
  [1m[36mActiveRecord::SchemaMigration Load (0.1ms)[0m  [1mSELECT "schema_migrations".* FROM "schema_migrations"[0m
Processing by HomeController#index as HTML
  Rendered home/index.html within layouts/application (0.8ms)
Completed 500 Internal Server Error in 68ms

ActionView::Template::Error (undefined local variable or method `up”' for #<#<Class:0x007faf841786e0>:0x007faf84193170>):
    14:     Signed in as <%= current_user.email %>. Not you?
    15:     <%= link_to “Sign out”, destroy_user_session_path, :method => :delete %>
    16:   <% else %>
    17:     <%= link_to “Sign up”, new_user_registration_path %> or <%= link_to “sign in”, new_user_session_path %>
    18:   <% end %>
    19: 
    20: <div/>
  app/views/layouts/application.html.erb:17:in `_app_views_layouts_application_html_erb__4106762298389858610_70195906252820'


  Rendered /home/master/.rvm/gems/ruby-2.2.0/gems/web-console-2.0.0/lib/action_dispatch/templates/rescues/_source.erb (5.7ms)
  Rendered /home/master/.rvm/gems/ruby-2.2.0/gems/web-console-2.0.0/lib/action_dispatch/templates/rescues/_trace.html.erb (3.2ms)
  Rendered /home/master/.rvm/gems/ruby-2.2.0/gems/web-console-2.0.0/lib/action_dispatch/templates/rescues/_request_and_response.html.erb (0.9ms)
  Rendered /home/master/.rvm/gems/ruby-2.2.0/gems/web-console-2.0.0/lib/action_dispatch/templates/rescues/_web_console.html.erb (0.7ms)
  Rendered /home/master/.rvm/gems/ruby-2.2.0/gems/web-console-2.0.0/lib/action_dispatch/templates/rescues/template_error.html.erb within rescues/layout (23.3ms)


Started GET "/" for 127.0.0.1 at 2015-01-25 14:02:31 -0500
Processing by HomeController#index as HTML
  Rendered home/index.html within layouts/application (0.1ms)
Completed 500 Internal Server Error in 57ms

ActionView::Template::Error (undefined local variable or method `up”' for #<#<Class:0x007faf841786e0>:0x007faf844d13f0>):
    14:     Signed in as <%= current_user.email %>. Not you?
    15:     <%= link_to “Sign out”, destroy_user_session_path, :method => :delete %>
    16:   <% else %>
    17:     <%= link_to “Sign up”, new_user_registration_path %> or <%= link_to “sign in”, new_user_session_path %>
    18:   <% end %>
    19: 
    20: <div/>
  app/views/layouts/application.html.erb:17:in `_app_views_layouts_application_html_erb__4106762298389858610_70195906252820'


  Rendered /home/master/.rvm/gems/ruby-2.2.0/gems/web-console-2.0.0/lib/action_dispatch/templates/rescues/_source.erb (7.8ms)
  Rendered /home/master/.rvm/gems/ruby-2.2.0/gems/web-console-2.0.0/lib/action_dispatch/templates/rescues/_trace.html.erb (2.6ms)
  Rendered /home/master/.rvm/gems/ruby-2.2.0/gems/web-console-2.0.0/lib/action_dispatch/templates/rescues/_request_and_response.html.erb (0.8ms)
  Rendered /home/master/.rvm/gems/ruby-2.2.0/gems/web-console-2.0.0/lib/action_dispatch/templates/rescues/_web_console.html.erb (0.6ms)
  Rendered /home/master/.rvm/gems/ruby-2.2.0/gems/web-console-2.0.0/lib/action_dispatch/templates/rescues/template_error.html.erb within rescues/layout (24.6ms)


Started GET "/" for 127.0.0.1 at 2015-01-25 14:03:29 -0500
Processing by HomeController#index as HTML
  Rendered home/index.html within layouts/application (0.1ms)
Completed 200 OK in 35ms (Views: 34.2ms | ActiveRecord: 0.0ms)


Started GET "/assets/home-64e62ddc273c2f5847f30d698ca14b67.css?body=1" for 127.0.0.1 at 2015-01-25 14:03:29 -0500


Started GET "/assets/jquery-87424c3c19e96d4fb033c10ebe21ec40.js?body=1" for 127.0.0.1 at 2015-01-25 14:03:29 -0500


Started GET "/assets/application-5266d2988799ecc8fe6e81eaab412e7d.css?body=1" for 127.0.0.1 at 2015-01-25 14:03:29 -0500


Started GET "/assets/jquery_ujs-e27bd20a10d28155845a22d71ef94f2f.js?body=1" for 127.0.0.1 at 2015-01-25 14:03:29 -0500


Started GET "/assets/home-fcec5b5a277ac7c20cc9f45a209a3bcd.js?body=1" for 127.0.0.1 at 2015-01-25 14:03:29 -0500


Started GET "/assets/turbolinks-686d2bf7d9d383528c901c64187a8c31.js?body=1" for 127.0.0.1 at 2015-01-25 14:03:29 -0500


Started GET "/assets/application-e93ffa4c2db8481b68b569045c04c777.js?body=1" for 127.0.0.1 at 2015-01-25 14:03:29 -0500


Started GET "/" for 127.0.0.1 at 2015-01-25 14:03:33 -0500
Processing by HomeController#index as HTML
  Rendered home/index.html within layouts/application (0.1ms)
Completed 200 OK in 39ms (Views: 37.8ms | ActiveRecord: 0.0ms)


Started GET "/assets/home-64e62ddc273c2f5847f30d698ca14b67.css?body=1" for 127.0.0.1 at 2015-01-25 14:03:33 -0500


Started GET "/assets/application-5266d2988799ecc8fe6e81eaab412e7d.css?body=1" for 127.0.0.1 at 2015-01-25 14:03:33 -0500


Started GET "/assets/jquery-87424c3c19e96d4fb033c10ebe21ec40.js?body=1" for 127.0.0.1 at 2015-01-25 14:03:33 -0500


Started GET "/assets/home-fcec5b5a277ac7c20cc9f45a209a3bcd.js?body=1" for 127.0.0.1 at 2015-01-25 14:03:33 -0500


Started GET "/assets/turbolinks-686d2bf7d9d383528c901c64187a8c31.js?body=1" for 127.0.0.1 at 2015-01-25 14:03:33 -0500


Started GET "/assets/jquery_ujs-e27bd20a10d28155845a22d71ef94f2f.js?body=1" for 127.0.0.1 at 2015-01-25 14:03:33 -0500


Started GET "/assets/application-e93ffa4c2db8481b68b569045c04c777.js?body=1" for 127.0.0.1 at 2015-01-25 14:03:33 -0500


Started GET "/assets/home-64e62ddc273c2f5847f30d698ca14b67.css?body=1" for 127.0.0.1 at 2015-01-25 14:03:42 -0500


Started GET "/assets/application-5266d2988799ecc8fe6e81eaab412e7d.css?body=1" for 127.0.0.1 at 2015-01-25 14:03:42 -0500


Started GET "/" for 127.0.0.1 at 2015-01-25 14:04:23 -0500
Processing by HomeController#index as HTML
  Rendered home/index.html within layouts/application (0.0ms)
Completed 200 OK in 33ms (Views: 32.2ms | ActiveRecord: 0.0ms)


Started GET "/assets/home-64e62ddc273c2f5847f30d698ca14b67.css?body=1" for 127.0.0.1 at 2015-01-25 14:04:23 -0500


Started GET "/assets/application-5266d2988799ecc8fe6e81eaab412e7d.css?body=1" for 127.0.0.1 at 2015-01-25 14:04:23 -0500


Started GET "/assets/jquery_ujs-e27bd20a10d28155845a22d71ef94f2f.js?body=1" for 127.0.0.1 at 2015-01-25 14:04:23 -0500


Started GET "/assets/application-e93ffa4c2db8481b68b569045c04c777.js?body=1" for 127.0.0.1 at 2015-01-25 14:04:23 -0500


Started GET "/assets/jquery-87424c3c19e96d4fb033c10ebe21ec40.js?body=1" for 127.0.0.1 at 2015-01-25 14:04:23 -0500


Started GET "/assets/turbolinks-686d2bf7d9d383528c901c64187a8c31.js?body=1" for 127.0.0.1 at 2015-01-25 14:04:23 -0500


Started GET "/assets/home-fcec5b5a277ac7c20cc9f45a209a3bcd.js?body=1" for 127.0.0.1 at 2015-01-25 14:04:23 -0500


Started GET "/" for 127.0.0.1 at 2015-01-25 14:04:32 -0500
Processing by HomeController#index as HTML
  Rendered home/index.html within layouts/application (0.1ms)
Completed 200 OK in 39ms (Views: 38.0ms | ActiveRecord: 0.0ms)


Started GET "/assets/home-64e62ddc273c2f5847f30d698ca14b67.css?body=1" for 127.0.0.1 at 2015-01-25 14:04:32 -0500


Started GET "/assets/application-5266d2988799ecc8fe6e81eaab412e7d.css?body=1" for 127.0.0.1 at 2015-01-25 14:04:32 -0500


Started GET "/assets/jquery-87424c3c19e96d4fb033c10ebe21ec40.js?body=1" for 127.0.0.1 at 2015-01-25 14:04:32 -0500


Started GET "/assets/jquery_ujs-e27bd20a10d28155845a22d71ef94f2f.js?body=1" for 127.0.0.1 at 2015-01-25 14:04:32 -0500


Started GET "/assets/home-fcec5b5a277ac7c20cc9f45a209a3bcd.js?body=1" for 127.0.0.1 at 2015-01-25 14:04:32 -0500


Started GET "/assets/application-e93ffa4c2db8481b68b569045c04c777.js?body=1" for 127.0.0.1 at 2015-01-25 14:04:32 -0500


Started GET "/assets/turbolinks-686d2bf7d9d383528c901c64187a8c31.js?body=1" for 127.0.0.1 at 2015-01-25 14:04:32 -0500


Started GET "/" for 127.0.0.1 at 2015-01-25 14:05:14 -0500
Processing by HomeController#index as HTML
  Rendered home/index.html within layouts/application (0.0ms)
Completed 200 OK in 35ms (Views: 34.2ms | ActiveRecord: 0.0ms)


Started GET "/assets/home-64e62ddc273c2f5847f30d698ca14b67.css?body=1" for 127.0.0.1 at 2015-01-25 14:05:14 -0500


Started GET "/assets/application-5266d2988799ecc8fe6e81eaab412e7d.css?body=1" for 127.0.0.1 at 2015-01-25 14:05:14 -0500


Started GET "/assets/application-e93ffa4c2db8481b68b569045c04c777.js?body=1" for 127.0.0.1 at 2015-01-25 14:05:14 -0500


Started GET "/assets/jquery-87424c3c19e96d4fb033c10ebe21ec40.js?body=1" for 127.0.0.1 at 2015-01-25 14:05:14 -0500


Started GET "/assets/jquery_ujs-e27bd20a10d28155845a22d71ef94f2f.js?body=1" for 127.0.0.1 at 2015-01-25 14:05:14 -0500


Started GET "/assets/turbolinks-686d2bf7d9d383528c901c64187a8c31.js?body=1" for 127.0.0.1 at 2015-01-25 14:05:14 -0500


Started GET "/assets/home-fcec5b5a277ac7c20cc9f45a209a3bcd.js?body=1" for 127.0.0.1 at 2015-01-25 14:05:14 -0500


Started GET "/" for 127.0.0.1 at 2015-01-25 14:05:33 -0500
Processing by HomeController#index as HTML
  Rendered home/index.html within layouts/application (0.1ms)
Completed 200 OK in 40ms (Views: 38.7ms | ActiveRecord: 0.0ms)


Started GET "/assets/home-64e62ddc273c2f5847f30d698ca14b67.css?body=1" for 127.0.0.1 at 2015-01-25 14:05:33 -0500


Started GET "/assets/application-5266d2988799ecc8fe6e81eaab412e7d.css?body=1" for 127.0.0.1 at 2015-01-25 14:05:33 -0500


Started GET "/assets/jquery-87424c3c19e96d4fb033c10ebe21ec40.js?body=1" for 127.0.0.1 at 2015-01-25 14:05:33 -0500


Started GET "/assets/jquery_ujs-e27bd20a10d28155845a22d71ef94f2f.js?body=1" for 127.0.0.1 at 2015-01-25 14:05:33 -0500


Started GET "/assets/turbolinks-686d2bf7d9d383528c901c64187a8c31.js?body=1" for 127.0.0.1 at 2015-01-25 14:05:33 -0500


Started GET "/assets/home-fcec5b5a277ac7c20cc9f45a209a3bcd.js?body=1" for 127.0.0.1 at 2015-01-25 14:05:33 -0500


Started GET "/assets/application-e93ffa4c2db8481b68b569045c04c777.js?body=1" for 127.0.0.1 at 2015-01-25 14:05:33 -0500


Started GET "/user/sign_in" for 127.0.0.1 at 2015-01-25 14:10:07 -0500
  [1m[36mActiveRecord::SchemaMigration Load (0.1ms)[0m  [1mSELECT "schema_migrations".* FROM "schema_migrations"[0m

ActionController::RoutingError (No route matches [GET] "/user/sign_in"):
  web-console (2.0.0) lib/action_dispatch/debug_exceptions.rb:22:in `middleware_call'
  web-console (2.0.0) lib/action_dispatch/debug_exceptions.rb:13:in `call'
  actionpack (4.2.0) lib/action_dispatch/middleware/show_exceptions.rb:30:in `call'
  railties (4.2.0) lib/rails/rack/logger.rb:38:in `call_app'
  railties (4.2.0) lib/rails/rack/logger.rb:20:in `block in call'
  activesupport (4.2.0) lib/active_support/tagged_logging.rb:68:in `block in tagged'
  activesupport (4.2.0) lib/active_support/tagged_logging.rb:26:in `tagged'
  activesupport (4.2.0) lib/active_support/tagged_logging.rb:68:in `tagged'
  railties (4.2.0) lib/rails/rack/logger.rb:20:in `call'
  actionpack (4.2.0) lib/action_dispatch/middleware/request_id.rb:21:in `call'
  rack (1.6.0) lib/rack/methodoverride.rb:22:in `call'
  rack (1.6.0) lib/rack/runtime.rb:18:in `call'
  activesupport (4.2.0) lib/active_support/cache/strategy/local_cache_middleware.rb:28:in `call'
  rack (1.6.0) lib/rack/lock.rb:17:in `call'
  actionpack (4.2.0) lib/action_dispatch/middleware/static.rb:113:in `call'
  rack (1.6.0) lib/rack/sendfile.rb:113:in `call'
  railties (4.2.0) lib/rails/engine.rb:518:in `call'
  railties (4.2.0) lib/rails/application.rb:164:in `call'
  rack (1.6.0) lib/rack/lock.rb:17:in `call'
  rack (1.6.0) lib/rack/content_length.rb:15:in `call'
  rack (1.6.0) lib/rack/handler/webrick.rb:89:in `service'
  /home/master/.rvm/rubies/ruby-2.2.0/lib/ruby/2.2.0/webrick/httpserver.rb:138:in `service'
  /home/master/.rvm/rubies/ruby-2.2.0/lib/ruby/2.2.0/webrick/httpserver.rb:94:in `run'
  /home/master/.rvm/rubies/ruby-2.2.0/lib/ruby/2.2.0/webrick/server.rb:294:in `block in start_thread'


  Rendered /home/master/.rvm/gems/ruby-2.2.0/gems/web-console-2.0.0/lib/action_dispatch/templates/rescues/_trace.html.erb (1.2ms)
  Rendered /home/master/.rvm/gems/ruby-2.2.0/gems/web-console-2.0.0/lib/action_dispatch/templates/routes/_route.html.erb (3.4ms)
  Rendered /home/master/.rvm/gems/ruby-2.2.0/gems/web-console-2.0.0/lib/action_dispatch/templates/routes/_table.html.erb (7.0ms)
  Rendered /home/master/.rvm/gems/ruby-2.2.0/gems/web-console-2.0.0/lib/action_dispatch/templates/rescues/_request_and_response.html.erb (7.3ms)
  Rendered /home/master/.rvm/gems/ruby-2.2.0/gems/web-console-2.0.0/lib/action_dispatch/templates/rescues/_web_console.html.erb (1.3ms)
  Rendered /home/master/.rvm/gems/ruby-2.2.0/gems/web-console-2.0.0/lib/action_dispatch/templates/rescues/routing_error.html.erb within rescues/layout (104.3ms)


Started GET "/users/sign_in" for 127.0.0.1 at 2015-01-25 14:10:31 -0500
Processing by Devise::SessionsController#new as HTML
  Rendered /home/master/.rvm/gems/ruby-2.2.0/gems/devise-3.4.1/app/views/devise/shared/_links.html.erb (4.9ms)
  Rendered /home/master/.rvm/gems/ruby-2.2.0/gems/devise-3.4.1/app/views/devise/sessions/new.html.erb within layouts/application (33.7ms)
Completed 200 OK in 101ms (Views: 89.1ms | ActiveRecord: 0.3ms)


Started GET "/assets/home-64e62ddc273c2f5847f30d698ca14b67.css?body=1" for 127.0.0.1 at 2015-01-25 14:10:31 -0500


Started GET "/assets/jquery-87424c3c19e96d4fb033c10ebe21ec40.js?body=1" for 127.0.0.1 at 2015-01-25 14:10:31 -0500


Started GET "/assets/home-fcec5b5a277ac7c20cc9f45a209a3bcd.js?body=1" for 127.0.0.1 at 2015-01-25 14:10:31 -0500


Started GET "/assets/turbolinks-686d2bf7d9d383528c901c64187a8c31.js?body=1" for 127.0.0.1 at 2015-01-25 14:10:31 -0500


Started GET "/assets/jquery_ujs-e27bd20a10d28155845a22d71ef94f2f.js?body=1" for 127.0.0.1 at 2015-01-25 14:10:31 -0500


Started GET "/assets/application-5266d2988799ecc8fe6e81eaab412e7d.css?body=1" for 127.0.0.1 at 2015-01-25 14:10:31 -0500


Started GET "/assets/application-e93ffa4c2db8481b68b569045c04c777.js?body=1" for 127.0.0.1 at 2015-01-25 14:10:31 -0500


Started GET "/users/sign_up" for 127.0.0.1 at 2015-01-25 14:10:37 -0500
Processing by Devise::RegistrationsController#new as HTML
  Rendered /home/master/.rvm/gems/ruby-2.2.0/gems/devise-3.4.1/app/views/devise/shared/_links.html.erb (2.6ms)
  Rendered /home/master/.rvm/gems/ruby-2.2.0/gems/devise-3.4.1/app/views/devise/registrations/new.html.erb within layouts/application (9.8ms)
Completed 200 OK in 53ms (Views: 52.2ms | ActiveRecord: 0.0ms)


Started GET "/users" for 127.0.0.1 at 2015-01-25 14:11:28 -0500

ActionController::RoutingError (No route matches [GET] "/users"):
  web-console (2.0.0) lib/action_dispatch/debug_exceptions.rb:22:in `middleware_call'
  web-console (2.0.0) lib/action_dispatch/debug_exceptions.rb:13:in `call'
  actionpack (4.2.0) lib/action_dispatch/middleware/show_exceptions.rb:30:in `call'
  railties (4.2.0) lib/rails/rack/logger.rb:38:in `call_app'
  railties (4.2.0) lib/rails/rack/logger.rb:20:in `block in call'
  activesupport (4.2.0) lib/active_support/tagged_logging.rb:68:in `block in tagged'
  activesupport (4.2.0) lib/active_support/tagged_logging.rb:26:in `tagged'
  activesupport (4.2.0) lib/active_support/tagged_logging.rb:68:in `tagged'
  railties (4.2.0) lib/rails/rack/logger.rb:20:in `call'
  actionpack (4.2.0) lib/action_dispatch/middleware/request_id.rb:21:in `call'
  rack (1.6.0) lib/rack/methodoverride.rb:22:in `call'
  rack (1.6.0) lib/rack/runtime.rb:18:in `call'
  activesupport (4.2.0) lib/active_support/cache/strategy/local_cache_middleware.rb:28:in `call'
  rack (1.6.0) lib/rack/lock.rb:17:in `call'
  actionpack (4.2.0) lib/action_dispatch/middleware/static.rb:113:in `call'
  rack (1.6.0) lib/rack/sendfile.rb:113:in `call'
  railties (4.2.0) lib/rails/engine.rb:518:in `call'
  railties (4.2.0) lib/rails/application.rb:164:in `call'
  rack (1.6.0) lib/rack/lock.rb:17:in `call'
  rack (1.6.0) lib/rack/content_length.rb:15:in `call'
  rack (1.6.0) lib/rack/handler/webrick.rb:89:in `service'
  /home/master/.rvm/rubies/ruby-2.2.0/lib/ruby/2.2.0/webrick/httpserver.rb:138:in `service'
  /home/master/.rvm/rubies/ruby-2.2.0/lib/ruby/2.2.0/webrick/httpserver.rb:94:in `run'
  /home/master/.rvm/rubies/ruby-2.2.0/lib/ruby/2.2.0/webrick/server.rb:294:in `block in start_thread'


  Rendered /home/master/.rvm/gems/ruby-2.2.0/gems/web-console-2.0.0/lib/action_dispatch/templates/rescues/_trace.html.erb (1.5ms)
  Rendered /home/master/.rvm/gems/ruby-2.2.0/gems/web-console-2.0.0/lib/action_dispatch/templates/routes/_route.html.erb (1.5ms)
  Rendered /home/master/.rvm/gems/ruby-2.2.0/gems/web-console-2.0.0/lib/action_dispatch/templates/routes/_table.html.erb (1.3ms)
  Rendered /home/master/.rvm/gems/ruby-2.2.0/gems/web-console-2.0.0/lib/action_dispatch/templates/rescues/_request_and_response.html.erb (1.2ms)
  Rendered /home/master/.rvm/gems/ruby-2.2.0/gems/web-console-2.0.0/lib/action_dispatch/templates/rescues/_web_console.html.erb (1.8ms)
  Rendered /home/master/.rvm/gems/ruby-2.2.0/gems/web-console-2.0.0/lib/action_dispatch/templates/rescues/routing_error.html.erb within rescues/layout (26.2ms)


Started GET "/" for 127.0.0.1 at 2015-01-25 14:12:20 -0500
Processing by HomeController#index as HTML
  Rendered home/index.html.erb within layouts/application (0.7ms)
Completed 200 OK in 56ms (Views: 54.4ms | ActiveRecord: 0.0ms)


Started GET "/assets/application-5266d2988799ecc8fe6e81eaab412e7d.css?body=1" for 127.0.0.1 at 2015-01-25 14:12:20 -0500


Started GET "/assets/jquery-87424c3c19e96d4fb033c10ebe21ec40.js?body=1" for 127.0.0.1 at 2015-01-25 14:12:20 -0500


Started GET "/assets/jquery_ujs-e27bd20a10d28155845a22d71ef94f2f.js?body=1" for 127.0.0.1 at 2015-01-25 14:12:20 -0500


Started GET "/assets/home-64e62ddc273c2f5847f30d698ca14b67.css?body=1" for 127.0.0.1 at 2015-01-25 14:12:20 -0500


Started GET "/assets/home-fcec5b5a277ac7c20cc9f45a209a3bcd.js?body=1" for 127.0.0.1 at 2015-01-25 14:12:20 -0500


Started GET "/assets/turbolinks-686d2bf7d9d383528c901c64187a8c31.js?body=1" for 127.0.0.1 at 2015-01-25 14:12:20 -0500


Started GET "/assets/application-e93ffa4c2db8481b68b569045c04c777.js?body=1" for 127.0.0.1 at 2015-01-25 14:12:20 -0500
  [1m[36mUser Load (0.4ms)[0m  [1mSELECT "users".* FROM "users"[0m


Started GET "/users/sign_up" for 127.0.0.1 at 2015-01-25 14:13:21 -0500
  [1m[36mActiveRecord::SchemaMigration Load (0.4ms)[0m  [1mSELECT "schema_migrations".* FROM "schema_migrations"[0m
Processing by Devise::RegistrationsController#new as HTML
  Rendered /home/master/.rvm/gems/ruby-2.2.0/gems/devise-3.4.1/app/views/devise/shared/_links.html.erb (3.3ms)
  Rendered /home/master/.rvm/gems/ruby-2.2.0/gems/devise-3.4.1/app/views/devise/registrations/new.html.erb within layouts/application (22.3ms)
Completed 200 OK in 107ms (Views: 88.4ms | ActiveRecord: 0.4ms)


Started GET "/assets/application-5266d2988799ecc8fe6e81eaab412e7d.css?body=1" for 127.0.0.1 at 2015-01-25 14:13:22 -0500


Started GET "/assets/home-64e62ddc273c2f5847f30d698ca14b67.css?body=1" for 127.0.0.1 at 2015-01-25 14:13:22 -0500


Started GET "/assets/home-fcec5b5a277ac7c20cc9f45a209a3bcd.js?body=1" for 127.0.0.1 at 2015-01-25 14:13:22 -0500


Started GET "/assets/turbolinks-686d2bf7d9d383528c901c64187a8c31.js?body=1" for 127.0.0.1 at 2015-01-25 14:13:22 -0500


Started GET "/assets/jquery_ujs-e27bd20a10d28155845a22d71ef94f2f.js?body=1" for 127.0.0.1 at 2015-01-25 14:13:22 -0500


Started GET "/assets/jquery-87424c3c19e96d4fb033c10ebe21ec40.js?body=1" for 127.0.0.1 at 2015-01-25 14:13:22 -0500


Started GET "/assets/application-e93ffa4c2db8481b68b569045c04c777.js?body=1" for 127.0.0.1 at 2015-01-25 14:13:22 -0500


Started GET "/users/sign_up" for 127.0.0.1 at 2015-01-25 14:13:42 -0500
Processing by Devise::RegistrationsController#new as HTML
  Rendered /home/master/.rvm/gems/ruby-2.2.0/gems/devise-3.4.1/app/views/devise/shared/_links.html.erb (1.9ms)
  Rendered /home/master/.rvm/gems/ruby-2.2.0/gems/devise-3.4.1/app/views/devise/registrations/new.html.erb within layouts/application (11.6ms)
Completed 200 OK in 56ms (Views: 54.4ms | ActiveRecord: 0.0ms)


Started GET "/assets/home-64e62ddc273c2f5847f30d698ca14b67.css?body=1" for 127.0.0.1 at 2015-01-25 14:13:42 -0500


Started GET "/assets/application-5266d2988799ecc8fe6e81eaab412e7d.css?body=1" for 127.0.0.1 at 2015-01-25 14:13:42 -0500


Started GET "/assets/jquery_ujs-e27bd20a10d28155845a22d71ef94f2f.js?body=1" for 127.0.0.1 at 2015-01-25 14:13:42 -0500


Started GET "/assets/application-e93ffa4c2db8481b68b569045c04c777.js?body=1" for 127.0.0.1 at 2015-01-25 14:13:42 -0500


Started GET "/assets/jquery-87424c3c19e96d4fb033c10ebe21ec40.js?body=1" for 127.0.0.1 at 2015-01-25 14:13:42 -0500


Started GET "/assets/turbolinks-686d2bf7d9d383528c901c64187a8c31.js?body=1" for 127.0.0.1 at 2015-01-25 14:13:42 -0500


Started GET "/assets/home-fcec5b5a277ac7c20cc9f45a209a3bcd.js?body=1" for 127.0.0.1 at 2015-01-25 14:13:42 -0500


Started GET "/users/sign_up" for 127.0.0.1 at 2015-01-25 14:15:20 -0500
  [1m[36mActiveRecord::SchemaMigration Load (0.3ms)[0m  [1mSELECT "schema_migrations".* FROM "schema_migrations"[0m
Processing by Devise::RegistrationsController#new as HTML
  Rendered /home/master/.rvm/gems/ruby-2.2.0/gems/devise-3.4.1/app/views/devise/shared/_links.html.erb (3.6ms)
  Rendered /home/master/.rvm/gems/ruby-2.2.0/gems/devise-3.4.1/app/views/devise/registrations/new.html.erb within layouts/application (22.2ms)
Completed 200 OK in 104ms (Views: 86.5ms | ActiveRecord: 0.4ms)


Started GET "/assets/application-5266d2988799ecc8fe6e81eaab412e7d.css?body=1" for 127.0.0.1 at 2015-01-25 14:15:20 -0500


Started GET "/assets/home-64e62ddc273c2f5847f30d698ca14b67.css?body=1" for 127.0.0.1 at 2015-01-25 14:15:20 -0500


Started GET "/assets/turbolinks-686d2bf7d9d383528c901c64187a8c31.js?body=1" for 127.0.0.1 at 2015-01-25 14:15:20 -0500


Started GET "/assets/jquery-87424c3c19e96d4fb033c10ebe21ec40.js?body=1" for 127.0.0.1 at 2015-01-25 14:15:20 -0500


Started GET "/assets/jquery_ujs-e27bd20a10d28155845a22d71ef94f2f.js?body=1" for 127.0.0.1 at 2015-01-25 14:15:20 -0500


Started GET "/assets/home-fcec5b5a277ac7c20cc9f45a209a3bcd.js?body=1" for 127.0.0.1 at 2015-01-25 14:15:20 -0500


Started GET "/assets/application-e93ffa4c2db8481b68b569045c04c777.js?body=1" for 127.0.0.1 at 2015-01-25 14:15:20 -0500
  [1m[36m (0.1ms)[0m  [1mbegin transaction[0m
  [1m[35mUser Exists (0.1ms)[0m  SELECT  1 AS one FROM "users" WHERE "users"."email" = 'guy@gmail.com' LIMIT 1
  [1m[36m (0.1ms)[0m  [1mrollback transaction[0m
  [1m[35mUser Load (0.4ms)[0m  SELECT "users".* FROM "users"
  [1m[36m (0.1ms)[0m  [1mbegin transaction[0m
  [1m[35mUser Exists (0.1ms)[0m  SELECT  1 AS one FROM "users" WHERE "users"."email" = 'guy@gmadfsa.com' LIMIT 1
  [1m[36m (0.1ms)[0m  [1mrollback transaction[0m
  [1m[35mUser Load (0.4ms)[0m  SELECT "users".* FROM "users"
  [1m[36mUser Load (0.4ms)[0m  [1mSELECT  "users".* FROM "users"  ORDER BY "users"."id" ASC LIMIT 1[0m
  [1m[35m (0.1ms)[0m  begin transaction
  [1m[36mUser Exists (0.2ms)[0m  [1mSELECT  1 AS one FROM "users" WHERE "users"."email" = 'user@name.com' LIMIT 1[0m
  [1m[35mSQL (0.5ms)[0m  INSERT INTO "users" ("email", "encrypted_password", "created_at", "updated_at") VALUES (?, ?, ?, ?)  [["email", "user@name.com"], ["encrypted_password", "$2a$10$2qfobpOlArtas4nYguJ1.eqawxfEK2RRQt7.XTn4jicKxvEDXws9."], ["created_at", "2015-01-25 19:22:19.415077"], ["updated_at", "2015-01-25 19:22:19.415077"]]
  [1m[36m (121.6ms)[0m  [1mcommit transaction[0m
  [1m[35mUser Load (0.3ms)[0m  SELECT "users".* FROM "users"
  [1m[36m (0.1ms)[0m  [1mbegin transaction[0m
  [1m[35mUser Exists (0.2ms)[0m  SELECT  1 AS one FROM "users" WHERE "users"."email" = 'user@name.com' LIMIT 1
  [1m[36m (0.1ms)[0m  [1mrollback transaction[0m


Started GET "/users/sign_in" for 127.0.0.1 at 2015-01-25 14:23:47 -0500
  [1m[36mActiveRecord::SchemaMigration Load (0.2ms)[0m  [1mSELECT "schema_migrations".* FROM "schema_migrations"[0m
Processing by Devise::SessionsController#new as HTML
  Rendered /home/master/.rvm/gems/ruby-2.2.0/gems/devise-3.4.1/app/views/devise/shared/_links.html.erb (7.0ms)
  Rendered /home/master/.rvm/gems/ruby-2.2.0/gems/devise-3.4.1/app/views/devise/sessions/new.html.erb within layouts/application (25.8ms)
Completed 200 OK in 94ms (Views: 75.9ms | ActiveRecord: 0.3ms)


Started GET "/assets/home-64e62ddc273c2f5847f30d698ca14b67.css?body=1" for 127.0.0.1 at 2015-01-25 14:23:47 -0500


Started GET "/assets/jquery_ujs-e27bd20a10d28155845a22d71ef94f2f.js?body=1" for 127.0.0.1 at 2015-01-25 14:23:47 -0500


Started GET "/assets/turbolinks-686d2bf7d9d383528c901c64187a8c31.js?body=1" for 127.0.0.1 at 2015-01-25 14:23:47 -0500


Started GET "/assets/home-fcec5b5a277ac7c20cc9f45a209a3bcd.js?body=1" for 127.0.0.1 at 2015-01-25 14:23:47 -0500


Started GET "/assets/application-5266d2988799ecc8fe6e81eaab412e7d.css?body=1" for 127.0.0.1 at 2015-01-25 14:23:47 -0500


Started GET "/assets/jquery-87424c3c19e96d4fb033c10ebe21ec40.js?body=1" for 127.0.0.1 at 2015-01-25 14:23:47 -0500


Started GET "/assets/application-e93ffa4c2db8481b68b569045c04c777.js?body=1" for 127.0.0.1 at 2015-01-25 14:23:47 -0500
  [1m[36mActiveRecord::SchemaMigration Load (0.1ms)[0m  [1mSELECT "schema_migrations".* FROM "schema_migrations"[0m
  [1m[35mActiveRecord::SchemaMigration Load (0.1ms)[0m  SELECT "schema_migrations".* FROM "schema_migrations"
  [1m[36m (0.1ms)[0m  [1m            SELECT sql
            FROM sqlite_master
            WHERE name='index_users_on_reset_password_token' AND type='index'
            UNION ALL
            SELECT sql
            FROM sqlite_temp_master
            WHERE name='index_users_on_reset_password_token' AND type='index'
[0m
  [1m[35m (0.1ms)[0m              SELECT sql
            FROM sqlite_master
            WHERE name='index_users_on_email' AND type='index'
            UNION ALL
            SELECT sql
            FROM sqlite_temp_master
            WHERE name='index_users_on_email' AND type='index'



Started GET "/users/sign_in" for 127.0.0.1 at 2015-01-25 14:26:19 -0500
  [1m[36mActiveRecord::SchemaMigration Load (0.1ms)[0m  [1mSELECT "schema_migrations".* FROM "schema_migrations"[0m
Processing by Devise::SessionsController#new as HTML
  Rendered /home/master/.rvm/gems/ruby-2.2.0/gems/devise-3.4.1/app/views/devise/shared/_links.html.erb (5.1ms)
  Rendered /home/master/.rvm/gems/ruby-2.2.0/gems/devise-3.4.1/app/views/devise/sessions/new.html.erb within layouts/application (25.3ms)
Completed 200 OK in 114ms (Views: 94.0ms | ActiveRecord: 0.5ms)


Started GET "/assets/home-64e62ddc273c2f5847f30d698ca14b67.css?body=1" for 127.0.0.1 at 2015-01-25 14:26:19 -0500


Started GET "/assets/jquery-87424c3c19e96d4fb033c10ebe21ec40.js?body=1" for 127.0.0.1 at 2015-01-25 14:26:19 -0500


Started GET "/assets/application-5266d2988799ecc8fe6e81eaab412e7d.css?body=1" for 127.0.0.1 at 2015-01-25 14:26:19 -0500


Started GET "/assets/jquery_ujs-e27bd20a10d28155845a22d71ef94f2f.js?body=1" for 127.0.0.1 at 2015-01-25 14:26:19 -0500


Started GET "/assets/home-fcec5b5a277ac7c20cc9f45a209a3bcd.js?body=1" for 127.0.0.1 at 2015-01-25 14:26:19 -0500


Started GET "/assets/turbolinks-686d2bf7d9d383528c901c64187a8c31.js?body=1" for 127.0.0.1 at 2015-01-25 14:26:19 -0500


Started GET "/assets/application-e93ffa4c2db8481b68b569045c04c777.js?body=1" for 127.0.0.1 at 2015-01-25 14:26:19 -0500


Started GET "/users/sign_up" for 127.0.0.1 at 2015-01-25 14:26:38 -0500
Processing by Devise::RegistrationsController#new as HTML
  Rendered /home/master/.rvm/gems/ruby-2.2.0/gems/devise-3.4.1/app/views/devise/shared/_links.html.erb (2.5ms)
  Rendered /home/master/.rvm/gems/ruby-2.2.0/gems/devise-3.4.1/app/views/devise/registrations/new.html.erb within layouts/application (10.7ms)
Completed 200 OK in 53ms (Views: 52.1ms | ActiveRecord: 0.0ms)


Started GET "/assets/home-64e62ddc273c2f5847f30d698ca14b67.css?body=1" for 127.0.0.1 at 2015-01-25 14:26:38 -0500


Started GET "/assets/application-5266d2988799ecc8fe6e81eaab412e7d.css?body=1" for 127.0.0.1 at 2015-01-25 14:26:38 -0500


Started GET "/assets/home-fcec5b5a277ac7c20cc9f45a209a3bcd.js?body=1" for 127.0.0.1 at 2015-01-25 14:26:38 -0500


Started GET "/assets/jquery-87424c3c19e96d4fb033c10ebe21ec40.js?body=1" for 127.0.0.1 at 2015-01-25 14:26:38 -0500


Started GET "/assets/turbolinks-686d2bf7d9d383528c901c64187a8c31.js?body=1" for 127.0.0.1 at 2015-01-25 14:26:38 -0500


Started GET "/assets/jquery_ujs-e27bd20a10d28155845a22d71ef94f2f.js?body=1" for 127.0.0.1 at 2015-01-25 14:26:38 -0500


Started GET "/assets/application-e93ffa4c2db8481b68b569045c04c777.js?body=1" for 127.0.0.1 at 2015-01-25 14:26:38 -0500


Started GET "/" for 127.0.0.1 at 2015-01-25 14:27:05 -0500
  [1m[36mActiveRecord::SchemaMigration Load (0.1ms)[0m  [1mSELECT "schema_migrations".* FROM "schema_migrations"[0m
Processing by Rails::WelcomeController#index as HTML
  Rendered /home/master/.rvm/gems/ruby-2.2.0/gems/railties-4.2.0/lib/rails/templates/rails/welcome/index.html.erb (1.6ms)
Completed 200 OK in 15ms (Views: 7.7ms | ActiveRecord: 0.0ms)


Started GET "/sign_up" for 127.0.0.1 at 2015-01-25 14:27:13 -0500

ActionController::RoutingError (No route matches [GET] "/sign_up"):
  web-console (2.0.0) lib/action_dispatch/debug_exceptions.rb:22:in `middleware_call'
  web-console (2.0.0) lib/action_dispatch/debug_exceptions.rb:13:in `call'
  actionpack (4.2.0) lib/action_dispatch/middleware/show_exceptions.rb:30:in `call'
  railties (4.2.0) lib/rails/rack/logger.rb:38:in `call_app'
  railties (4.2.0) lib/rails/rack/logger.rb:20:in `block in call'
  activesupport (4.2.0) lib/active_support/tagged_logging.rb:68:in `block in tagged'
  activesupport (4.2.0) lib/active_support/tagged_logging.rb:26:in `tagged'
  activesupport (4.2.0) lib/active_support/tagged_logging.rb:68:in `tagged'
  railties (4.2.0) lib/rails/rack/logger.rb:20:in `call'
  actionpack (4.2.0) lib/action_dispatch/middleware/request_id.rb:21:in `call'
  rack (1.6.0) lib/rack/methodoverride.rb:22:in `call'
  rack (1.6.0) lib/rack/runtime.rb:18:in `call'
  activesupport (4.2.0) lib/active_support/cache/strategy/local_cache_middleware.rb:28:in `call'
  rack (1.6.0) lib/rack/lock.rb:17:in `call'
  actionpack (4.2.0) lib/action_dispatch/middleware/static.rb:113:in `call'
  rack (1.6.0) lib/rack/sendfile.rb:113:in `call'
  railties (4.2.0) lib/rails/engine.rb:518:in `call'
  railties (4.2.0) lib/rails/application.rb:164:in `call'
  rack (1.6.0) lib/rack/lock.rb:17:in `call'
  rack (1.6.0) lib/rack/content_length.rb:15:in `call'
  rack (1.6.0) lib/rack/handler/webrick.rb:89:in `service'
  /home/master/.rvm/rubies/ruby-2.2.0/lib/ruby/2.2.0/webrick/httpserver.rb:138:in `service'
  /home/master/.rvm/rubies/ruby-2.2.0/lib/ruby/2.2.0/webrick/httpserver.rb:94:in `run'
  /home/master/.rvm/rubies/ruby-2.2.0/lib/ruby/2.2.0/webrick/server.rb:294:in `block in start_thread'


  Rendered /home/master/.rvm/gems/ruby-2.2.0/gems/web-console-2.0.0/lib/action_dispatch/templates/rescues/_trace.html.erb (1.4ms)
  Rendered /home/master/.rvm/gems/ruby-2.2.0/gems/web-console-2.0.0/lib/action_dispatch/templates/routes/_route.html.erb (1.1ms)
  Rendered /home/master/.rvm/gems/ruby-2.2.0/gems/web-console-2.0.0/lib/action_dispatch/templates/routes/_table.html.erb (41.2ms)
  Rendered /home/master/.rvm/gems/ruby-2.2.0/gems/web-console-2.0.0/lib/action_dispatch/templates/rescues/_request_and_response.html.erb (1.7ms)
  Rendered /home/master/.rvm/gems/ruby-2.2.0/gems/web-console-2.0.0/lib/action_dispatch/templates/rescues/_web_console.html.erb (0.8ms)
  Rendered /home/master/.rvm/gems/ruby-2.2.0/gems/web-console-2.0.0/lib/action_dispatch/templates/rescues/routing_error.html.erb within rescues/layout (71.4ms)


Started GET "/users/sign_up" for 127.0.0.1 at 2015-01-25 14:27:20 -0500
Processing by Devise::RegistrationsController#new as HTML
  Rendered /home/master/.rvm/gems/ruby-2.2.0/gems/devise-3.4.1/app/views/devise/shared/_links.html.erb (3.1ms)
  Rendered /home/master/.rvm/gems/ruby-2.2.0/gems/devise-3.4.1/app/views/devise/registrations/new.html.erb within layouts/application (17.5ms)
Completed 200 OK in 95ms (Views: 72.4ms | ActiveRecord: 0.5ms)


Started GET "/assets/home-64e62ddc273c2f5847f30d698ca14b67.css?body=1" for 127.0.0.1 at 2015-01-25 14:27:20 -0500


Started GET "/assets/jquery_ujs-e27bd20a10d28155845a22d71ef94f2f.js?body=1" for 127.0.0.1 at 2015-01-25 14:27:20 -0500


Started GET "/assets/application-5266d2988799ecc8fe6e81eaab412e7d.css?body=1" for 127.0.0.1 at 2015-01-25 14:27:20 -0500


Started GET "/assets/home-fcec5b5a277ac7c20cc9f45a209a3bcd.js?body=1" for 127.0.0.1 at 2015-01-25 14:27:20 -0500


Started GET "/assets/jquery-87424c3c19e96d4fb033c10ebe21ec40.js?body=1" for 127.0.0.1 at 2015-01-25 14:27:20 -0500


Started GET "/assets/turbolinks-686d2bf7d9d383528c901c64187a8c31.js?body=1" for 127.0.0.1 at 2015-01-25 14:27:20 -0500


Started GET "/assets/application-e93ffa4c2db8481b68b569045c04c777.js?body=1" for 127.0.0.1 at 2015-01-25 14:27:20 -0500


Started GET "/" for 127.0.0.1 at 2015-01-25 14:32:47 -0500
  [1m[36mActiveRecord::SchemaMigration Load (0.1ms)[0m  [1mSELECT "schema_migrations".* FROM "schema_migrations"[0m
Processing by Rails::WelcomeController#index as HTML
  Rendered /home/master/.rvm/gems/ruby-2.2.0/gems/railties-4.2.0/lib/rails/templates/rails/welcome/index.html.erb (1.1ms)
Completed 200 OK in 12ms (Views: 5.7ms | ActiveRecord: 0.0ms)


Started GET "/users/sign_up" for 127.0.0.1 at 2015-01-25 14:32:53 -0500
Processing by Devise::RegistrationsController#new as HTML
  Rendered /home/master/.rvm/gems/ruby-2.2.0/gems/devise-3.4.1/app/views/devise/shared/_links.html.erb (3.1ms)
  Rendered /home/master/.rvm/gems/ruby-2.2.0/gems/devise-3.4.1/app/views/devise/registrations/new.html.erb within layouts/application (21.9ms)
Completed 200 OK in 98ms (Views: 86.4ms | ActiveRecord: 0.4ms)


Started GET "/assets/home-64e62ddc273c2f5847f30d698ca14b67.css?body=1" for 127.0.0.1 at 2015-01-25 14:32:53 -0500


Started GET "/assets/jquery_ujs-e27bd20a10d28155845a22d71ef94f2f.js?body=1" for 127.0.0.1 at 2015-01-25 14:32:53 -0500


Started GET "/assets/jquery-87424c3c19e96d4fb033c10ebe21ec40.js?body=1" for 127.0.0.1 at 2015-01-25 14:32:53 -0500


Started GET "/assets/application-5266d2988799ecc8fe6e81eaab412e7d.css?body=1" for 127.0.0.1 at 2015-01-25 14:32:53 -0500


Started GET "/assets/turbolinks-686d2bf7d9d383528c901c64187a8c31.js?body=1" for 127.0.0.1 at 2015-01-25 14:32:53 -0500


Started GET "/assets/home-fcec5b5a277ac7c20cc9f45a209a3bcd.js?body=1" for 127.0.0.1 at 2015-01-25 14:32:53 -0500


Started GET "/assets/application-e93ffa4c2db8481b68b569045c04c777.js?body=1" for 127.0.0.1 at 2015-01-25 14:32:53 -0500


Started GET "/users/sign_in" for 127.0.0.1 at 2015-01-25 14:43:46 -0500
  [1m[36mActiveRecord::SchemaMigration Load (0.1ms)[0m  [1mSELECT "schema_migrations".* FROM "schema_migrations"[0m
Processing by Devise::SessionsController#new as HTML
  Rendered /home/master/.rvm/gems/ruby-2.2.0/gems/devise-3.4.1/app/views/devise/shared/_links.html.erb (5.0ms)
  Rendered /home/master/.rvm/gems/ruby-2.2.0/gems/devise-3.4.1/app/views/devise/sessions/new.html.erb within layouts/application (24.1ms)
Completed 200 OK in 108ms (Views: 89.7ms | ActiveRecord: 0.3ms)


Started GET "/assets/home-64e62ddc273c2f5847f30d698ca14b67.css?body=1" for 127.0.0.1 at 2015-01-25 14:43:46 -0500


Started GET "/assets/application-5266d2988799ecc8fe6e81eaab412e7d.css?body=1" for 127.0.0.1 at 2015-01-25 14:43:46 -0500


Started GET "/assets/jquery_ujs-e27bd20a10d28155845a22d71ef94f2f.js?body=1" for 127.0.0.1 at 2015-01-25 14:43:47 -0500


Started GET "/assets/jquery-87424c3c19e96d4fb033c10ebe21ec40.js?body=1" for 127.0.0.1 at 2015-01-25 14:43:47 -0500


Started GET "/assets/home-fcec5b5a277ac7c20cc9f45a209a3bcd.js?body=1" for 127.0.0.1 at 2015-01-25 14:43:47 -0500


Started GET "/assets/turbolinks-686d2bf7d9d383528c901c64187a8c31.js?body=1" for 127.0.0.1 at 2015-01-25 14:43:47 -0500


Started GET "/assets/application-e93ffa4c2db8481b68b569045c04c777.js?body=1" for 127.0.0.1 at 2015-01-25 14:43:47 -0500


Started GET "/users/sign_up" for 127.0.0.1 at 2015-01-25 14:43:50 -0500
Processing by Devise::RegistrationsController#new as HTML
  Rendered /home/master/.rvm/gems/ruby-2.2.0/gems/devise-3.4.1/app/views/devise/shared/_links.html.erb (2.8ms)
  Rendered /home/master/.rvm/gems/ruby-2.2.0/gems/devise-3.4.1/app/views/devise/registrations/new.html.erb within layouts/application (7.6ms)
Completed 200 OK in 50ms (Views: 48.7ms | ActiveRecord: 0.0ms)


Started POST "/users" for 127.0.0.1 at 2015-01-25 14:44:01 -0500
Processing by Devise::RegistrationsController#create as HTML
  Parameters: {"utf8"=>"✓", "authenticity_token"=>"m1wjUCgHVCbVXCZnf9Mew9rYGUEm/XYCUEh22gBrnafznqchjlIJEa51qOQQVZj9JLKxHhneCA+xEPMfc4XisQ==", "user"=>{"email"=>"benjaminpurdy@hotmail.com", "password"=>"[FILTERED]", "password_confirmation"=>"[FILTERED]"}, "commit"=>"Sign up"}
  [1m[35m (0.1ms)[0m  begin transaction
  [1m[36mUser Exists (0.1ms)[0m  [1mSELECT  1 AS one FROM "users" WHERE "users"."email" = 'benjaminpurdy@hotmail.com' LIMIT 1[0m
  [1m[35mSQL (0.2ms)[0m  INSERT INTO "users" ("email", "encrypted_password", "created_at", "updated_at") VALUES (?, ?, ?, ?)  [["email", "benjaminpurdy@hotmail.com"], ["encrypted_password", "$2a$10$ejY6iWbhwOqFTKc1gVIfFeUl8.Jn7VWQh1w4nLZGNOV6wB0/nYhRi"], ["created_at", "2015-01-25 19:44:01.375558"], ["updated_at", "2015-01-25 19:44:01.375558"]]
  [1m[36m (136.2ms)[0m  [1mcommit transaction[0m
  [1m[35m (0.2ms)[0m  begin transaction
  [1m[36mSQL (11.3ms)[0m  [1mUPDATE "users" SET "last_sign_in_at" = ?, "current_sign_in_at" = ?, "last_sign_in_ip" = ?, "current_sign_in_ip" = ?, "sign_in_count" = ?, "updated_at" = ? WHERE "users"."id" = ?[0m  [["last_sign_in_at", "2015-01-25 19:44:01.515250"], ["current_sign_in_at", "2015-01-25 19:44:01.515250"], ["last_sign_in_ip", "127.0.0.1"], ["current_sign_in_ip", "127.0.0.1"], ["sign_in_count", 1], ["updated_at", "2015-01-25 19:44:01.518683"], ["id", 2]]
  [1m[35m (131.6ms)[0m  commit transaction
Redirected to http://localhost:3000/
Completed 302 Found in 425ms (ActiveRecord: 279.8ms)


Started GET "/" for 127.0.0.1 at 2015-01-25 14:44:01 -0500
Processing by Rails::WelcomeController#index as HTML
  Rendered /home/master/.rvm/gems/ruby-2.2.0/gems/railties-4.2.0/lib/rails/templates/rails/welcome/index.html.erb (0.6ms)
Completed 200 OK in 4ms (Views: 4.0ms | ActiveRecord: 0.0ms)


Started GET "/" for 127.0.0.1 at 2015-01-25 15:01:35 -0500
  [1m[36mActiveRecord::SchemaMigration Load (0.1ms)[0m  [1mSELECT "schema_migrations".* FROM "schema_migrations"[0m
Processing by HomeController#index as HTML
  Rendered home/index.html.erb within layouts/application (0.7ms)
  [1m[35mUser Load (0.3ms)[0m  SELECT  "users".* FROM "users" WHERE "users"."id" = ?  ORDER BY "users"."id" ASC LIMIT 1  [["id", 2]]
Completed 500 Internal Server Error in 557ms

ActionView::Template::Error (undefined local variable or method `delete' for #<#<Class:0x007f14e0185f28>:0x0000000414c4a0>):
    11: <div id="user_nav">
    12:   <% if user_signed_in? %>
    13:     Signed in as <%= current_user.email %>. Not you?
    14:     <%= link_to "Sign out", destroy_user_session_path, :method => delete %>
    15:   <% else %>
    16:     <%= link_to "Sign in", new_user_registration_path %> or <= link_to "sign in", new_user_session_path %>
    17:   <% end %>
  app/views/layouts/application.html.erb:14:in `_app_views_layouts_application_html_erb__2836769691194308793_69863818058340'


  Rendered /home/master/.rvm/gems/ruby-2.2.0/gems/web-console-2.0.0/lib/action_dispatch/templates/rescues/_source.erb (5.9ms)
  Rendered /home/master/.rvm/gems/ruby-2.2.0/gems/web-console-2.0.0/lib/action_dispatch/templates/rescues/_trace.html.erb (2.5ms)
  Rendered /home/master/.rvm/gems/ruby-2.2.0/gems/web-console-2.0.0/lib/action_dispatch/templates/rescues/_request_and_response.html.erb (0.9ms)
  Rendered /home/master/.rvm/gems/ruby-2.2.0/gems/web-console-2.0.0/lib/action_dispatch/templates/rescues/_web_console.html.erb (0.8ms)
  Rendered /home/master/.rvm/gems/ruby-2.2.0/gems/web-console-2.0.0/lib/action_dispatch/templates/rescues/template_error.html.erb within rescues/layout (23.4ms)


Started GET "/" for 127.0.0.1 at 2015-01-25 15:02:13 -0500
Processing by HomeController#index as HTML
  Rendered home/index.html.erb within layouts/application (0.1ms)
  [1m[36mUser Load (0.1ms)[0m  [1mSELECT  "users".* FROM "users" WHERE "users"."id" = ?  ORDER BY "users"."id" ASC LIMIT 1[0m  [["id", 2]]
Completed 200 OK in 40ms (Views: 39.4ms | ActiveRecord: 0.1ms)


Started GET "/assets/dashboard-64e62ddc273c2f5847f30d698ca14b67.css?body=1" for 127.0.0.1 at 2015-01-25 15:02:13 -0500


Started GET "/assets/jquery-87424c3c19e96d4fb033c10ebe21ec40.js?body=1" for 127.0.0.1 at 2015-01-25 15:02:13 -0500


Started GET "/assets/home-64e62ddc273c2f5847f30d698ca14b67.css?body=1" for 127.0.0.1 at 2015-01-25 15:02:13 -0500


Started GET "/assets/turbolinks-686d2bf7d9d383528c901c64187a8c31.js?body=1" for 127.0.0.1 at 2015-01-25 15:02:13 -0500


Started GET "/assets/jquery_ujs-e27bd20a10d28155845a22d71ef94f2f.js?body=1" for 127.0.0.1 at 2015-01-25 15:02:13 -0500


Started GET "/assets/application-5266d2988799ecc8fe6e81eaab412e7d.css?body=1" for 127.0.0.1 at 2015-01-25 15:02:13 -0500


Started GET "/assets/application-fd30b062dffa1f37a416cebd713ed694.js?body=1" for 127.0.0.1 at 2015-01-25 15:02:13 -0500


Started GET "/assets/dashboard-fcec5b5a277ac7c20cc9f45a209a3bcd.js?body=1" for 127.0.0.1 at 2015-01-25 15:02:13 -0500


Started GET "/assets/home-fcec5b5a277ac7c20cc9f45a209a3bcd.js?body=1" for 127.0.0.1 at 2015-01-25 15:02:13 -0500


Started DELETE "/users/sign_out" for 127.0.0.1 at 2015-01-25 15:03:07 -0500
Processing by Devise::SessionsController#destroy as HTML
  Parameters: {"authenticity_token"=>"xFdQ6E9C9N4p519n5pOQwJpdRGwKSQKtYW91zcAyMSSsldSZ6Rep6VLO0eSJFRb+ZDfsMzVqfKCAN/AIs9xOMg=="}
  [1m[35mUser Load (0.1ms)[0m  SELECT  "users".* FROM "users" WHERE "users"."id" = ?  ORDER BY "users"."id" ASC LIMIT 1  [["id", 2]]
  [1m[36m (0.2ms)[0m  [1mbegin transaction[0m
  [1m[35m (0.1ms)[0m  commit transaction
Redirected to http://localhost:3000/
Completed 302 Found in 12ms (ActiveRecord: 0.3ms)


Started GET "/" for 127.0.0.1 at 2015-01-25 15:03:07 -0500
Processing by HomeController#index as HTML
  Rendered home/index.html.erb within layouts/application (0.1ms)
Completed 200 OK in 46ms (Views: 45.1ms | ActiveRecord: 0.0ms)


Started GET "/assets/home-64e62ddc273c2f5847f30d698ca14b67.css?body=1" for 127.0.0.1 at 2015-01-25 15:03:07 -0500


Started GET "/assets/jquery-87424c3c19e96d4fb033c10ebe21ec40.js?body=1" for 127.0.0.1 at 2015-01-25 15:03:07 -0500


Started GET "/assets/application-5266d2988799ecc8fe6e81eaab412e7d.css?body=1" for 127.0.0.1 at 2015-01-25 15:03:07 -0500


Started GET "/assets/jquery_ujs-e27bd20a10d28155845a22d71ef94f2f.js?body=1" for 127.0.0.1 at 2015-01-25 15:03:07 -0500


Started GET "/assets/turbolinks-686d2bf7d9d383528c901c64187a8c31.js?body=1" for 127.0.0.1 at 2015-01-25 15:03:07 -0500


Started GET "/assets/home-fcec5b5a277ac7c20cc9f45a209a3bcd.js?body=1" for 127.0.0.1 at 2015-01-25 15:03:07 -0500


Started GET "/" for 127.0.0.1 at 2015-01-25 15:03:22 -0500
Processing by HomeController#index as HTML
  Rendered home/index.html.erb within layouts/application (0.1ms)
Completed 200 OK in 59ms (Views: 59.0ms | ActiveRecord: 0.0ms)


Started GET "/assets/home-64e62ddc273c2f5847f30d698ca14b67.css?body=1" for 127.0.0.1 at 2015-01-25 15:03:23 -0500


Started GET "/assets/dashboard-64e62ddc273c2f5847f30d698ca14b67.css?body=1" for 127.0.0.1 at 2015-01-25 15:03:23 -0500


Started GET "/assets/home-fcec5b5a277ac7c20cc9f45a209a3bcd.js?body=1" for 127.0.0.1 at 2015-01-25 15:03:23 -0500


Started GET "/assets/turbolinks-686d2bf7d9d383528c901c64187a8c31.js?body=1" for 127.0.0.1 at 2015-01-25 15:03:23 -0500


Started GET "/assets/dashboard-fcec5b5a277ac7c20cc9f45a209a3bcd.js?body=1" for 127.0.0.1 at 2015-01-25 15:03:23 -0500


Started GET "/assets/application-5266d2988799ecc8fe6e81eaab412e7d.css?body=1" for 127.0.0.1 at 2015-01-25 15:03:23 -0500


Started GET "/assets/jquery_ujs-e27bd20a10d28155845a22d71ef94f2f.js?body=1" for 127.0.0.1 at 2015-01-25 15:03:23 -0500


Started GET "/assets/jquery-87424c3c19e96d4fb033c10ebe21ec40.js?body=1" for 127.0.0.1 at 2015-01-25 15:03:23 -0500


Started GET "/assets/application-fd30b062dffa1f37a416cebd713ed694.js?body=1" for 127.0.0.1 at 2015-01-25 15:03:23 -0500


Started GET "/" for 127.0.0.1 at 2015-01-25 15:03:59 -0500
Processing by HomeController#index as HTML
  Rendered home/index.html.erb within layouts/application (0.1ms)
Completed 200 OK in 48ms (Views: 47.2ms | ActiveRecord: 0.0ms)


Started GET "/assets/dashboard-64e62ddc273c2f5847f30d698ca14b67.css?body=1" for 127.0.0.1 at 2015-01-25 15:04:00 -0500


Started GET "/assets/home-64e62ddc273c2f5847f30d698ca14b67.css?body=1" for 127.0.0.1 at 2015-01-25 15:04:00 -0500


Started GET "/assets/jquery-87424c3c19e96d4fb033c10ebe21ec40.js?body=1" for 127.0.0.1 at 2015-01-25 15:04:00 -0500


Started GET "/assets/home-fcec5b5a277ac7c20cc9f45a209a3bcd.js?body=1" for 127.0.0.1 at 2015-01-25 15:04:00 -0500


Started GET "/assets/application-5266d2988799ecc8fe6e81eaab412e7d.css?body=1" for 127.0.0.1 at 2015-01-25 15:04:00 -0500


Started GET "/assets/jquery_ujs-e27bd20a10d28155845a22d71ef94f2f.js?body=1" for 127.0.0.1 at 2015-01-25 15:04:00 -0500


Started GET "/assets/dashboard-fcec5b5a277ac7c20cc9f45a209a3bcd.js?body=1" for 127.0.0.1 at 2015-01-25 15:04:00 -0500


Started GET "/assets/turbolinks-686d2bf7d9d383528c901c64187a8c31.js?body=1" for 127.0.0.1 at 2015-01-25 15:04:00 -0500


Started GET "/assets/application-fd30b062dffa1f37a416cebd713ed694.js?body=1" for 127.0.0.1 at 2015-01-25 15:04:00 -0500


Started GET "/users/sign_in" for 127.0.0.1 at 2015-01-25 15:04:02 -0500
Processing by Devise::SessionsController#new as HTML
  Rendered /home/master/.rvm/gems/ruby-2.2.0/gems/devise-3.4.1/app/views/devise/shared/_links.html.erb (4.9ms)
  Rendered /home/master/.rvm/gems/ruby-2.2.0/gems/devise-3.4.1/app/views/devise/sessions/new.html.erb within layouts/application (20.5ms)
Completed 200 OK in 66ms (Views: 61.9ms | ActiveRecord: 0.0ms)


Started POST "/users/sign_in" for 127.0.0.1 at 2015-01-25 15:04:05 -0500
Processing by Devise::SessionsController#create as HTML
  Parameters: {"utf8"=>"✓", "authenticity_token"=>"yC/dI/EyLaMnr/t9zBjOTaSQBqOJgAoOlCKhK1KtCHrMlma07ApueaGi1FAO8aldFzNzJr1TErHk6hCNyfaklA==", "user"=>{"email"=>"benjaminpurdy@hotmail.com", "password"=>"[FILTERED]", "remember_me"=>"0"}, "commit"=>"Log in"}
  [1m[36mUser Load (0.6ms)[0m  [1mSELECT  "users".* FROM "users" WHERE "users"."email" = ?  ORDER BY "users"."id" ASC LIMIT 1[0m  [["email", "benjaminpurdy@hotmail.com"]]
  [1m[35m (0.1ms)[0m  begin transaction
  [1m[36mSQL (0.6ms)[0m  [1mUPDATE "users" SET "current_sign_in_at" = ?, "sign_in_count" = ?, "updated_at" = ? WHERE "users"."id" = ?[0m  [["current_sign_in_at", "2015-01-25 20:04:05.820805"], ["sign_in_count", 2], ["updated_at", "2015-01-25 20:04:05.822142"], ["id", 2]]
  [1m[35m (132.2ms)[0m  commit transaction
Redirected to http://localhost:3000/
Completed 302 Found in 226ms (ActiveRecord: 133.5ms)


Started GET "/" for 127.0.0.1 at 2015-01-25 15:04:05 -0500
Processing by HomeController#index as HTML
  Rendered home/index.html.erb within layouts/application (0.1ms)
  [1m[36mUser Load (0.1ms)[0m  [1mSELECT  "users".* FROM "users" WHERE "users"."id" = ?  ORDER BY "users"."id" ASC LIMIT 1[0m  [["id", 2]]
Completed 200 OK in 42ms (Views: 41.2ms | ActiveRecord: 0.1ms)


Started GET "/assets/dashboard-64e62ddc273c2f5847f30d698ca14b67.css?body=1" for 127.0.0.1 at 2015-01-25 15:04:06 -0500


Started GET "/assets/home-64e62ddc273c2f5847f30d698ca14b67.css?body=1" for 127.0.0.1 at 2015-01-25 15:04:06 -0500


Started GET "/assets/application-5266d2988799ecc8fe6e81eaab412e7d.css?body=1" for 127.0.0.1 at 2015-01-25 15:04:06 -0500


Started GET "/assets/jquery-87424c3c19e96d4fb033c10ebe21ec40.js?body=1" for 127.0.0.1 at 2015-01-25 15:04:06 -0500


Started GET "/assets/jquery_ujs-e27bd20a10d28155845a22d71ef94f2f.js?body=1" for 127.0.0.1 at 2015-01-25 15:04:06 -0500


Started GET "/assets/turbolinks-686d2bf7d9d383528c901c64187a8c31.js?body=1" for 127.0.0.1 at 2015-01-25 15:04:06 -0500


Started GET "/assets/dashboard-fcec5b5a277ac7c20cc9f45a209a3bcd.js?body=1" for 127.0.0.1 at 2015-01-25 15:04:06 -0500


Started GET "/assets/home-fcec5b5a277ac7c20cc9f45a209a3bcd.js?body=1" for 127.0.0.1 at 2015-01-25 15:04:06 -0500


Started GET "/assets/application-fd30b062dffa1f37a416cebd713ed694.js?body=1" for 127.0.0.1 at 2015-01-25 15:04:06 -0500


Started DELETE "/users/sign_out" for 127.0.0.1 at 2015-01-25 15:04:08 -0500
Processing by Devise::SessionsController#destroy as HTML
  Parameters: {"authenticity_token"=>"jBvBgTES4OIvfLHmIi1FQsRl6tLQtvsQARwBFh5mJC5V5betkLkGQuU5GOommuD0yNWBw5B+Rg0CXtCJIY1hDQ=="}
  [1m[35mUser Load (0.1ms)[0m  SELECT  "users".* FROM "users" WHERE "users"."id" = ?  ORDER BY "users"."id" ASC LIMIT 1  [["id", 2]]
  [1m[36m (0.1ms)[0m  [1mbegin transaction[0m
  [1m[35m (0.0ms)[0m  commit transaction
Redirected to http://localhost:3000/
Completed 302 Found in 3ms (ActiveRecord: 0.2ms)


Started GET "/" for 127.0.0.1 at 2015-01-25 15:04:08 -0500
Processing by HomeController#index as HTML
  Rendered home/index.html.erb within layouts/application (0.1ms)
Completed 200 OK in 46ms (Views: 45.2ms | ActiveRecord: 0.0ms)


Started GET "/assets/dashboard-64e62ddc273c2f5847f30d698ca14b67.css?body=1" for 127.0.0.1 at 2015-01-25 15:04:08 -0500


Started GET "/assets/application-5266d2988799ecc8fe6e81eaab412e7d.css?body=1" for 127.0.0.1 at 2015-01-25 15:04:08 -0500


Started GET "/assets/jquery_ujs-e27bd20a10d28155845a22d71ef94f2f.js?body=1" for 127.0.0.1 at 2015-01-25 15:04:08 -0500


Started GET "/assets/home-64e62ddc273c2f5847f30d698ca14b67.css?body=1" for 127.0.0.1 at 2015-01-25 15:04:08 -0500


Started GET "/assets/dashboard-fcec5b5a277ac7c20cc9f45a209a3bcd.js?body=1" for 127.0.0.1 at 2015-01-25 15:04:08 -0500


Started GET "/assets/jquery-87424c3c19e96d4fb033c10ebe21ec40.js?body=1" for 127.0.0.1 at 2015-01-25 15:04:08 -0500


Started GET "/assets/turbolinks-686d2bf7d9d383528c901c64187a8c31.js?body=1" for 127.0.0.1 at 2015-01-25 15:04:08 -0500


Started GET "/assets/application-fd30b062dffa1f37a416cebd713ed694.js?body=1" for 127.0.0.1 at 2015-01-25 15:04:08 -0500


Started GET "/assets/home-fcec5b5a277ac7c20cc9f45a209a3bcd.js?body=1" for 127.0.0.1 at 2015-01-25 15:04:08 -0500


Started GET "/users/sign_up" for 127.0.0.1 at 2015-01-25 15:04:09 -0500
Processing by Devise::RegistrationsController#new as HTML
  Rendered /home/master/.rvm/gems/ruby-2.2.0/gems/devise-3.4.1/app/views/devise/shared/_links.html.erb (2.7ms)
  Rendered /home/master/.rvm/gems/ruby-2.2.0/gems/devise-3.4.1/app/views/devise/registrations/new.html.erb within layouts/application (10.2ms)
Completed 200 OK in 49ms (Views: 48.0ms | ActiveRecord: 0.0ms)


Started POST "/users" for 127.0.0.1 at 2015-01-25 15:04:18 -0500
Processing by Devise::RegistrationsController#create as HTML
  Parameters: {"utf8"=>"✓", "authenticity_token"=>"98YHMVROdL/pnL32kGzPsu1+3tulzBdEmb9jjJ7rPhELq9W2i8K0TFgIawijrRAhr8UdBbkmYWxIUSQB5E8iqw==", "user"=>{"email"=>"bptruereaper@gmail.com", "password"=>"[FILTERED]", "password_confirmation"=>"[FILTERED]"}, "commit"=>"Sign up"}
  [1m[36m (0.1ms)[0m  [1mbegin transaction[0m
  [1m[35mUser Exists (0.1ms)[0m  SELECT  1 AS one FROM "users" WHERE "users"."email" = 'bptruereaper@gmail.com' LIMIT 1
  [1m[36m (0.1ms)[0m  [1mrollback transaction[0m
  Rendered /home/master/.rvm/gems/ruby-2.2.0/gems/devise-3.4.1/app/views/devise/shared/_links.html.erb (1.6ms)
  Rendered /home/master/.rvm/gems/ruby-2.2.0/gems/devise-3.4.1/app/views/devise/registrations/new.html.erb within layouts/application (7.2ms)
Completed 200 OK in 72ms (Views: 47.9ms | ActiveRecord: 0.4ms)


Started GET "/assets/dashboard-64e62ddc273c2f5847f30d698ca14b67.css?body=1" for 127.0.0.1 at 2015-01-25 15:04:18 -0500


Started GET "/assets/jquery-87424c3c19e96d4fb033c10ebe21ec40.js?body=1" for 127.0.0.1 at 2015-01-25 15:04:18 -0500


Started GET "/assets/application-5266d2988799ecc8fe6e81eaab412e7d.css?body=1" for 127.0.0.1 at 2015-01-25 15:04:18 -0500


Started GET "/assets/jquery_ujs-e27bd20a10d28155845a22d71ef94f2f.js?body=1" for 127.0.0.1 at 2015-01-25 15:04:18 -0500


Started GET "/assets/turbolinks-686d2bf7d9d383528c901c64187a8c31.js?body=1" for 127.0.0.1 at 2015-01-25 15:04:18 -0500


Started GET "/assets/home-64e62ddc273c2f5847f30d698ca14b67.css?body=1" for 127.0.0.1 at 2015-01-25 15:04:18 -0500


Started GET "/assets/dashboard-fcec5b5a277ac7c20cc9f45a209a3bcd.js?body=1" for 127.0.0.1 at 2015-01-25 15:04:18 -0500


Started GET "/assets/home-fcec5b5a277ac7c20cc9f45a209a3bcd.js?body=1" for 127.0.0.1 at 2015-01-25 15:04:18 -0500


Started GET "/assets/application-fd30b062dffa1f37a416cebd713ed694.js?body=1" for 127.0.0.1 at 2015-01-25 15:04:18 -0500


Started POST "/users" for 127.0.0.1 at 2015-01-25 15:04:26 -0500
Processing by Devise::RegistrationsController#create as HTML
  Parameters: {"utf8"=>"✓", "authenticity_token"=>"InFJqYO+GTaNwrLSRHceJwV4nw0EPsFm5GVlhzG2iAreHJsuXDLZxTxWZCx3tsG0R8Nc0xjUt041iyIKSxKUsA==", "user"=>{"email"=>"bptruereaper@gmail.com", "password"=>"[FILTERED]", "password_confirmation"=>"[FILTERED]"}, "commit"=>"Sign up"}
  [1m[35m (0.1ms)[0m  begin transaction
  [1m[36mUser Exists (0.1ms)[0m  [1mSELECT  1 AS one FROM "users" WHERE "users"."email" = 'bptruereaper@gmail.com' LIMIT 1[0m
  [1m[35mSQL (0.2ms)[0m  INSERT INTO "users" ("email", "encrypted_password", "created_at", "updated_at") VALUES (?, ?, ?, ?)  [["email", "bptruereaper@gmail.com"], ["encrypted_password", "$2a$10$8egILtm5G5FhLEggIE0JleWRDukCV7Ij3.F39z6cUCrV9wZ29m6Me"], ["created_at", "2015-01-25 20:04:26.744026"], ["updated_at", "2015-01-25 20:04:26.744026"]]
  [1m[36m (115.1ms)[0m  [1mcommit transaction[0m
  [1m[35m (0.1ms)[0m  begin transaction
  [1m[36mSQL (0.4ms)[0m  [1mUPDATE "users" SET "last_sign_in_at" = ?, "current_sign_in_at" = ?, "last_sign_in_ip" = ?, "current_sign_in_ip" = ?, "sign_in_count" = ?, "updated_at" = ? WHERE "users"."id" = ?[0m  [["last_sign_in_at", "2015-01-25 20:04:26.861450"], ["current_sign_in_at", "2015-01-25 20:04:26.861450"], ["last_sign_in_ip", "127.0.0.1"], ["current_sign_in_ip", "127.0.0.1"], ["sign_in_count", 1], ["updated_at", "2015-01-25 20:04:26.863731"], ["id", 3]]
  [1m[35m (109.9ms)[0m  commit transaction
Redirected to http://localhost:3000/
Completed 302 Found in 311ms (ActiveRecord: 225.9ms)


Started GET "/" for 127.0.0.1 at 2015-01-25 15:04:26 -0500
Processing by HomeController#index as HTML
  Rendered home/index.html.erb within layouts/application (0.1ms)
  [1m[36mUser Load (0.1ms)[0m  [1mSELECT  "users".* FROM "users" WHERE "users"."id" = ?  ORDER BY "users"."id" ASC LIMIT 1[0m  [["id", 3]]
Completed 200 OK in 41ms (Views: 39.5ms | ActiveRecord: 0.1ms)


Started GET "/assets/dashboard-64e62ddc273c2f5847f30d698ca14b67.css?body=1" for 127.0.0.1 at 2015-01-25 15:04:27 -0500


Started GET "/assets/home-64e62ddc273c2f5847f30d698ca14b67.css?body=1" for 127.0.0.1 at 2015-01-25 15:04:27 -0500


Started GET "/assets/jquery_ujs-e27bd20a10d28155845a22d71ef94f2f.js?body=1" for 127.0.0.1 at 2015-01-25 15:04:27 -0500


Started GET "/assets/turbolinks-686d2bf7d9d383528c901c64187a8c31.js?body=1" for 127.0.0.1 at 2015-01-25 15:04:27 -0500


Started GET "/assets/application-5266d2988799ecc8fe6e81eaab412e7d.css?body=1" for 127.0.0.1 at 2015-01-25 15:04:27 -0500


Started GET "/assets/jquery-87424c3c19e96d4fb033c10ebe21ec40.js?body=1" for 127.0.0.1 at 2015-01-25 15:04:27 -0500


Started GET "/assets/dashboard-fcec5b5a277ac7c20cc9f45a209a3bcd.js?body=1" for 127.0.0.1 at 2015-01-25 15:04:27 -0500


Started GET "/assets/home-fcec5b5a277ac7c20cc9f45a209a3bcd.js?body=1" for 127.0.0.1 at 2015-01-25 15:04:27 -0500


Started GET "/assets/application-fd30b062dffa1f37a416cebd713ed694.js?body=1" for 127.0.0.1 at 2015-01-25 15:04:27 -0500


Started DELETE "/users/sign_out" for 127.0.0.1 at 2015-01-25 15:04:31 -0500
Processing by Devise::SessionsController#destroy as HTML
  Parameters: {"authenticity_token"=>"ErvjjdDcfgnnJpOO4L1hEaTWM/RHJ/TLwhV0uD9o3pvu1jEKD1C++layRXDTfL6C5m3wKlvNguMT+zM1RczCIQ=="}
  [1m[35mUser Load (0.1ms)[0m  SELECT  "users".* FROM "users" WHERE "users"."id" = ?  ORDER BY "users"."id" ASC LIMIT 1  [["id", 3]]
  [1m[36m (0.1ms)[0m  [1mbegin transaction[0m
  [1m[35m (0.1ms)[0m  commit transaction
Redirected to http://localhost:3000/
Completed 302 Found in 5ms (ActiveRecord: 0.3ms)


Started GET "/" for 127.0.0.1 at 2015-01-25 15:04:31 -0500
Processing by HomeController#index as HTML
  Rendered home/index.html.erb within layouts/application (0.1ms)
Completed 200 OK in 44ms (Views: 43.4ms | ActiveRecord: 0.0ms)


Started GET "/assets/jquery-87424c3c19e96d4fb033c10ebe21ec40.js?body=1" for 127.0.0.1 at 2015-01-25 15:04:31 -0500


Started GET "/assets/home-64e62ddc273c2f5847f30d698ca14b67.css?body=1" for 127.0.0.1 at 2015-01-25 15:04:32 -0500


Started GET "/assets/application-5266d2988799ecc8fe6e81eaab412e7d.css?body=1" for 127.0.0.1 at 2015-01-25 15:04:32 -0500


Started GET "/assets/jquery_ujs-e27bd20a10d28155845a22d71ef94f2f.js?body=1" for 127.0.0.1 at 2015-01-25 15:04:32 -0500


Started GET "/assets/turbolinks-686d2bf7d9d383528c901c64187a8c31.js?body=1" for 127.0.0.1 at 2015-01-25 15:04:32 -0500


Started GET "/assets/dashboard-64e62ddc273c2f5847f30d698ca14b67.css?body=1" for 127.0.0.1 at 2015-01-25 15:04:32 -0500


Started GET "/assets/dashboard-fcec5b5a277ac7c20cc9f45a209a3bcd.js?body=1" for 127.0.0.1 at 2015-01-25 15:04:32 -0500


Started GET "/assets/home-fcec5b5a277ac7c20cc9f45a209a3bcd.js?body=1" for 127.0.0.1 at 2015-01-25 15:04:32 -0500


Started GET "/assets/application-fd30b062dffa1f37a416cebd713ed694.js?body=1" for 127.0.0.1 at 2015-01-25 15:04:32 -0500


Started GET "/users/sign_in" for 127.0.0.1 at 2015-01-25 15:04:43 -0500
Processing by Devise::SessionsController#new as HTML
  Rendered /home/master/.rvm/gems/ruby-2.2.0/gems/devise-3.4.1/app/views/devise/shared/_links.html.erb (5.4ms)
  Rendered /home/master/.rvm/gems/ruby-2.2.0/gems/devise-3.4.1/app/views/devise/sessions/new.html.erb within layouts/application (14.5ms)
Completed 200 OK in 59ms (Views: 57.5ms | ActiveRecord: 0.0ms)


Started POST "/users/sign_in" for 127.0.0.1 at 2015-01-25 15:04:46 -0500
Processing by Devise::SessionsController#create as HTML
  Parameters: {"utf8"=>"✓", "authenticity_token"=>"DHGnKD8FrP3GYiLBszzSiOjggrzGDNMvxUE6nt3ba1SC8zkrqTOlITZIqQpN7pnxQJX6+z79zDpjbtaEEzB7QA==", "user"=>{"email"=>"benjaminpurdy@hotmail.com", "password"=>"[FILTERED]", "remember_me"=>"0"}, "commit"=>"Log in"}
  [1m[36mUser Load (0.2ms)[0m  [1mSELECT  "users".* FROM "users" WHERE "users"."email" = ?  ORDER BY "users"."id" ASC LIMIT 1[0m  [["email", "benjaminpurdy@hotmail.com"]]
  [1m[35m (0.1ms)[0m  begin transaction
  [1m[36mSQL (0.2ms)[0m  [1mUPDATE "users" SET "last_sign_in_at" = ?, "current_sign_in_at" = ?, "sign_in_count" = ?, "updated_at" = ? WHERE "users"."id" = ?[0m  [["last_sign_in_at", "2015-01-25 20:04:05.820805"], ["current_sign_in_at", "2015-01-25 20:04:46.639545"], ["sign_in_count", 3], ["updated_at", "2015-01-25 20:04:46.640704"], ["id", 2]]
  [1m[35m (145.8ms)[0m  commit transaction
Redirected to http://localhost:3000/
Completed 302 Found in 229ms (ActiveRecord: 146.3ms)


Started GET "/" for 127.0.0.1 at 2015-01-25 15:04:46 -0500
Processing by HomeController#index as HTML
  Rendered home/index.html.erb within layouts/application (0.1ms)
  [1m[36mUser Load (0.1ms)[0m  [1mSELECT  "users".* FROM "users" WHERE "users"."id" = ?  ORDER BY "users"."id" ASC LIMIT 1[0m  [["id", 2]]
Completed 200 OK in 43ms (Views: 42.4ms | ActiveRecord: 0.1ms)


Started GET "/assets/dashboard-64e62ddc273c2f5847f30d698ca14b67.css?body=1" for 127.0.0.1 at 2015-01-25 15:04:46 -0500


Started GET "/assets/home-64e62ddc273c2f5847f30d698ca14b67.css?body=1" for 127.0.0.1 at 2015-01-25 15:04:46 -0500


Started GET "/assets/application-5266d2988799ecc8fe6e81eaab412e7d.css?body=1" for 127.0.0.1 at 2015-01-25 15:04:46 -0500


Started GET "/assets/turbolinks-686d2bf7d9d383528c901c64187a8c31.js?body=1" for 127.0.0.1 at 2015-01-25 15:04:46 -0500


Started GET "/assets/jquery-87424c3c19e96d4fb033c10ebe21ec40.js?body=1" for 127.0.0.1 at 2015-01-25 15:04:46 -0500


Started GET "/assets/jquery_ujs-e27bd20a10d28155845a22d71ef94f2f.js?body=1" for 127.0.0.1 at 2015-01-25 15:04:46 -0500


Started GET "/assets/dashboard-fcec5b5a277ac7c20cc9f45a209a3bcd.js?body=1" for 127.0.0.1 at 2015-01-25 15:04:46 -0500


Started GET "/assets/home-fcec5b5a277ac7c20cc9f45a209a3bcd.js?body=1" for 127.0.0.1 at 2015-01-25 15:04:46 -0500


Started GET "/assets/application-fd30b062dffa1f37a416cebd713ed694.js?body=1" for 127.0.0.1 at 2015-01-25 15:04:46 -0500


Started GET "/users/sign_in" for 127.0.0.1 at 2015-01-25 15:04:54 -0500
Processing by Devise::SessionsController#new as HTML
  [1m[35mUser Load (0.1ms)[0m  SELECT  "users".* FROM "users" WHERE "users"."id" = ?  ORDER BY "users"."id" ASC LIMIT 1  [["id", 2]]
Redirected to http://localhost:3000/
Filter chain halted as :require_no_authentication rendered or redirected
Completed 302 Found in 1ms (ActiveRecord: 0.1ms)


Started GET "/" for 127.0.0.1 at 2015-01-25 15:04:54 -0500
Processing by HomeController#index as HTML
  Rendered home/index.html.erb within layouts/application (0.1ms)
  [1m[36mUser Load (0.2ms)[0m  [1mSELECT  "users".* FROM "users" WHERE "users"."id" = ?  ORDER BY "users"."id" ASC LIMIT 1[0m  [["id", 2]]
Completed 200 OK in 46ms (Views: 45.6ms | ActiveRecord: 0.2ms)


Started GET "/assets/dashboard-64e62ddc273c2f5847f30d698ca14b67.css?body=1" for 127.0.0.1 at 2015-01-25 15:04:54 -0500


Started GET "/assets/home-64e62ddc273c2f5847f30d698ca14b67.css?body=1" for 127.0.0.1 at 2015-01-25 15:04:54 -0500


Started GET "/assets/application-5266d2988799ecc8fe6e81eaab412e7d.css?body=1" for 127.0.0.1 at 2015-01-25 15:04:54 -0500


Started GET "/assets/dashboard-fcec5b5a277ac7c20cc9f45a209a3bcd.js?body=1" for 127.0.0.1 at 2015-01-25 15:04:54 -0500


Started GET "/assets/turbolinks-686d2bf7d9d383528c901c64187a8c31.js?body=1" for 127.0.0.1 at 2015-01-25 15:04:54 -0500


Started GET "/assets/jquery-87424c3c19e96d4fb033c10ebe21ec40.js?body=1" for 127.0.0.1 at 2015-01-25 15:04:54 -0500


Started GET "/assets/jquery_ujs-e27bd20a10d28155845a22d71ef94f2f.js?body=1" for 127.0.0.1 at 2015-01-25 15:04:54 -0500


Started GET "/assets/home-fcec5b5a277ac7c20cc9f45a209a3bcd.js?body=1" for 127.0.0.1 at 2015-01-25 15:04:54 -0500


Started GET "/assets/application-fd30b062dffa1f37a416cebd713ed694.js?body=1" for 127.0.0.1 at 2015-01-25 15:04:54 -0500
